{"/home/penguin/code/waddleperf/webClient/frontend/src/App.tsx": {"path":"/home/penguin/code/waddleperf/webClient/frontend/src/App.tsx","all":false,"statementMap":{"0":{"start":{"line":1,"column":0},"end":{"line":1,"column":43}},"1":{"start":{"line":2,"column":0},"end":{"line":2,"column":83}},"2":{"start":{"line":3,"column":0},"end":{"line":3,"column":62}},"3":{"start":{"line":4,"column":0},"end":{"line":4,"column":38}},"4":{"start":{"line":5,"column":0},"end":{"line":5,"column":48}},"5":{"start":{"line":6,"column":0},"end":{"line":6,"column":48}},"6":{"start":{"line":7,"column":0},"end":{"line":7,"column":18}},"7":{"start":{"line":8,"column":0},"end":{"line":8,"column":0}},"8":{"start":{"line":9,"column":0},"end":{"line":9,"column":16}},"9":{"start":{"line":10,"column":0},"end":{"line":10,"column":12}},"10":{"start":{"line":11,"column":0},"end":{"line":11,"column":18}},"11":{"start":{"line":12,"column":0},"end":{"line":12,"column":15}},"12":{"start":{"line":13,"column":0},"end":{"line":13,"column":14}},"13":{"start":{"line":14,"column":0},"end":{"line":14,"column":1}},"14":{"start":{"line":15,"column":0},"end":{"line":15,"column":0}},"15":{"start":{"line":16,"column":0},"end":{"line":16,"column":16}},"16":{"start":{"line":17,"column":0},"end":{"line":17,"column":72}},"17":{"start":{"line":18,"column":0},"end":{"line":18,"column":63}},"18":{"start":{"line":19,"column":0},"end":{"line":19,"column":53}},"19":{"start":{"line":20,"column":0},"end":{"line":20,"column":55}},"20":{"start":{"line":21,"column":0},"end":{"line":21,"column":0}},"21":{"start":{"line":22,"column":0},"end":{"line":22,"column":19}},"22":{"start":{"line":23,"column":0},"end":{"line":23,"column":15}},"23":{"start":{"line":24,"column":0},"end":{"line":24,"column":8}},"24":{"start":{"line":25,"column":0},"end":{"line":25,"column":0}},"25":{"start":{"line":26,"column":0},"end":{"line":26,"column":33}},"26":{"start":{"line":27,"column":0},"end":{"line":27,"column":9}},"27":{"start":{"line":28,"column":0},"end":{"line":28,"column":60}},"28":{"start":{"line":29,"column":0},"end":{"line":29,"column":46}},"29":{"start":{"line":30,"column":0},"end":{"line":30,"column":49}},"30":{"start":{"line":31,"column":0},"end":{"line":31,"column":0}},"31":{"start":{"line":32,"column":0},"end":{"line":32,"column":43}},"32":{"start":{"line":33,"column":0},"end":{"line":33,"column":48}},"33":{"start":{"line":34,"column":0},"end":{"line":34,"column":0}},"34":{"start":{"line":35,"column":0},"end":{"line":35,"column":26}},"35":{"start":{"line":36,"column":0},"end":{"line":36,"column":30}},"36":{"start":{"line":37,"column":0},"end":{"line":37,"column":7}},"37":{"start":{"line":38,"column":0},"end":{"line":38,"column":21}},"38":{"start":{"line":39,"column":0},"end":{"line":39,"column":64}},"39":{"start":{"line":40,"column":0},"end":{"line":40,"column":26}},"40":{"start":{"line":41,"column":0},"end":{"line":41,"column":31}},"41":{"start":{"line":42,"column":0},"end":{"line":42,"column":15}},"42":{"start":{"line":43,"column":0},"end":{"line":43,"column":23}},"43":{"start":{"line":44,"column":0},"end":{"line":44,"column":5}},"44":{"start":{"line":45,"column":0},"end":{"line":45,"column":3}},"45":{"start":{"line":46,"column":0},"end":{"line":46,"column":0}},"46":{"start":{"line":47,"column":0},"end":{"line":47,"column":43}},"47":{"start":{"line":48,"column":0},"end":{"line":48,"column":59}},"48":{"start":{"line":49,"column":0},"end":{"line":49,"column":21}},"49":{"start":{"line":50,"column":0},"end":{"line":50,"column":28}},"50":{"start":{"line":51,"column":0},"end":{"line":51,"column":3}},"51":{"start":{"line":52,"column":0},"end":{"line":52,"column":0}},"52":{"start":{"line":53,"column":0},"end":{"line":53,"column":30}},"53":{"start":{"line":54,"column":0},"end":{"line":54,"column":40}},"54":{"start":{"line":55,"column":0},"end":{"line":55,"column":17}},"55":{"start":{"line":56,"column":0},"end":{"line":56,"column":29}},"56":{"start":{"line":57,"column":0},"end":{"line":57,"column":3}},"57":{"start":{"line":58,"column":0},"end":{"line":58,"column":0}},"58":{"start":{"line":59,"column":0},"end":{"line":59,"column":16}},"59":{"start":{"line":60,"column":0},"end":{"line":60,"column":12}},"60":{"start":{"line":61,"column":0},"end":{"line":61,"column":35}},"61":{"start":{"line":62,"column":0},"end":{"line":62,"column":39}},"62":{"start":{"line":63,"column":0},"end":{"line":63,"column":36}},"63":{"start":{"line":64,"column":0},"end":{"line":64,"column":12}},"64":{"start":{"line":65,"column":0},"end":{"line":65,"column":5}},"65":{"start":{"line":66,"column":0},"end":{"line":66,"column":3}},"66":{"start":{"line":67,"column":0},"end":{"line":67,"column":0}},"67":{"start":{"line":68,"column":0},"end":{"line":68,"column":10}},"68":{"start":{"line":69,"column":0},"end":{"line":69,"column":12}},"69":{"start":{"line":70,"column":0},"end":{"line":70,"column":71}},"70":{"start":{"line":71,"column":0},"end":{"line":71,"column":27}},"71":{"start":{"line":72,"column":0},"end":{"line":72,"column":16}},"72":{"start":{"line":73,"column":0},"end":{"line":73,"column":16}},"73":{"start":{"line":74,"column":0},"end":{"line":74,"column":25}},"74":{"start":{"line":75,"column":0},"end":{"line":75,"column":21}},"75":{"start":{"line":76,"column":0},"end":{"line":76,"column":49}},"76":{"start":{"line":77,"column":0},"end":{"line":77,"column":47}},"77":{"start":{"line":78,"column":0},"end":{"line":78,"column":19}},"78":{"start":{"line":79,"column":0},"end":{"line":79,"column":43}},"79":{"start":{"line":80,"column":0},"end":{"line":80,"column":15}},"80":{"start":{"line":81,"column":0},"end":{"line":81,"column":13}},"81":{"start":{"line":82,"column":0},"end":{"line":82,"column":12}},"82":{"start":{"line":83,"column":0},"end":{"line":83,"column":16}},"83":{"start":{"line":84,"column":0},"end":{"line":84,"column":20}},"84":{"start":{"line":85,"column":0},"end":{"line":85,"column":21}},"85":{"start":{"line":86,"column":0},"end":{"line":86,"column":49}},"86":{"start":{"line":87,"column":0},"end":{"line":87,"column":48}},"87":{"start":{"line":88,"column":0},"end":{"line":88,"column":19}},"88":{"start":{"line":89,"column":0},"end":{"line":89,"column":92}},"89":{"start":{"line":90,"column":0},"end":{"line":90,"column":15}},"90":{"start":{"line":91,"column":0},"end":{"line":91,"column":13}},"91":{"start":{"line":92,"column":0},"end":{"line":92,"column":12}},"92":{"start":{"line":93,"column":0},"end":{"line":93,"column":17}},"93":{"start":{"line":94,"column":0},"end":{"line":94,"column":12}},"94":{"start":{"line":95,"column":0},"end":{"line":95,"column":13}},"95":{"start":{"line":96,"column":0},"end":{"line":96,"column":3}},"96":{"start":{"line":97,"column":0},"end":{"line":97,"column":1}},"97":{"start":{"line":98,"column":0},"end":{"line":98,"column":0}},"98":{"start":{"line":99,"column":0},"end":{"line":99,"column":18}}},"s":{"0":1,"1":1,"2":1,"3":1,"4":1,"5":1,"6":1,"7":1,"8":1,"9":1,"10":1,"11":1,"12":1,"13":1,"14":1,"15":21,"16":21,"17":21,"18":21,"19":21,"20":21,"21":21,"22":10,"23":21,"24":21,"25":21,"26":10,"27":10,"28":10,"29":7,"30":7,"31":7,"32":7,"33":7,"34":10,"35":2,"36":2,"37":10,"38":1,"39":1,"40":1,"41":10,"42":8,"43":8,"44":10,"45":21,"46":21,"47":1,"48":1,"49":1,"50":1,"51":21,"52":21,"53":1,"54":1,"55":1,"56":1,"57":21,"58":21,"59":10,"60":10,"61":10,"62":10,"63":10,"64":10,"65":10,"66":10,"67":10,"68":10,"69":10,"70":10,"71":10,"72":10,"73":10,"74":10,"75":21,"76":4,"77":6,"78":6,"79":21,"80":21,"81":21,"82":21,"83":21,"84":21,"85":21,"86":4,"87":6,"88":6,"89":21,"90":21,"91":21,"92":21,"93":21,"94":21,"95":21,"96":21,"97":1,"98":1},"branchMap":{"0":{"type":"branch","line":16,"loc":{"start":{"line":16,"column":0},"end":{"line":97,"column":1}},"locations":[{"start":{"line":16,"column":0},"end":{"line":97,"column":1}}]},"1":{"type":"branch","line":59,"loc":{"start":{"line":59,"column":15},"end":{"line":76,"column":29}},"locations":[{"start":{"line":59,"column":15},"end":{"line":76,"column":29}}]},"2":{"type":"branch","line":76,"loc":{"start":{"line":76,"column":14},"end":{"line":76,"column":49}},"locations":[{"start":{"line":76,"column":14},"end":{"line":76,"column":49}}]},"3":{"type":"branch","line":76,"loc":{"start":{"line":76,"column":30},"end":{"line":77,"column":47}},"locations":[{"start":{"line":76,"column":30},"end":{"line":77,"column":47}}]},"4":{"type":"branch","line":77,"loc":{"start":{"line":77,"column":45},"end":{"line":79,"column":43}},"locations":[{"start":{"line":77,"column":45},"end":{"line":79,"column":43}}]},"5":{"type":"branch","line":86,"loc":{"start":{"line":86,"column":14},"end":{"line":86,"column":49}},"locations":[{"start":{"line":86,"column":14},"end":{"line":86,"column":49}}]},"6":{"type":"branch","line":86,"loc":{"start":{"line":86,"column":30},"end":{"line":87,"column":48}},"locations":[{"start":{"line":86,"column":30},"end":{"line":87,"column":48}}]},"7":{"type":"branch","line":87,"loc":{"start":{"line":87,"column":46},"end":{"line":89,"column":92}},"locations":[{"start":{"line":87,"column":46},"end":{"line":89,"column":92}}]},"8":{"type":"branch","line":22,"loc":{"start":{"line":22,"column":12},"end":{"line":24,"column":5}},"locations":[{"start":{"line":22,"column":12},"end":{"line":24,"column":5}}]},"9":{"type":"branch","line":26,"loc":{"start":{"line":26,"column":20},"end":{"line":45,"column":3}},"locations":[{"start":{"line":26,"column":20},"end":{"line":45,"column":3}}]},"10":{"type":"branch","line":29,"loc":{"start":{"line":29,"column":45},"end":{"line":35,"column":25}},"locations":[{"start":{"line":29,"column":45},"end":{"line":35,"column":25}}]},"11":{"type":"branch","line":35,"loc":{"start":{"line":35,"column":25},"end":{"line":37,"column":7}},"locations":[{"start":{"line":35,"column":25},"end":{"line":37,"column":7}}]},"12":{"type":"branch","line":38,"loc":{"start":{"line":38,"column":4},"end":{"line":42,"column":6}},"locations":[{"start":{"line":38,"column":4},"end":{"line":42,"column":6}}]},"13":{"type":"branch","line":42,"loc":{"start":{"line":42,"column":4},"end":{"line":44,"column":5}},"locations":[{"start":{"line":42,"column":4},"end":{"line":44,"column":5}}]},"14":{"type":"branch","line":47,"loc":{"start":{"line":47,"column":22},"end":{"line":51,"column":3}},"locations":[{"start":{"line":47,"column":22},"end":{"line":51,"column":3}}]},"15":{"type":"branch","line":53,"loc":{"start":{"line":53,"column":23},"end":{"line":57,"column":3}},"locations":[{"start":{"line":53,"column":23},"end":{"line":57,"column":3}}]}},"b":{"0":[21],"1":[10],"2":[7],"3":[4],"4":[6],"5":[7],"6":[4],"7":[6],"8":[10],"9":[10],"10":[7],"11":[2],"12":[1],"13":[8],"14":[1],"15":[1]},"fnMap":{"0":{"name":"App","decl":{"start":{"line":16,"column":0},"end":{"line":97,"column":1}},"loc":{"start":{"line":16,"column":0},"end":{"line":97,"column":1}},"line":16},"1":{"name":"checkAuth","decl":{"start":{"line":26,"column":20},"end":{"line":45,"column":3}},"loc":{"start":{"line":26,"column":20},"end":{"line":45,"column":3}},"line":26},"2":{"name":"handleLogin","decl":{"start":{"line":47,"column":22},"end":{"line":51,"column":3}},"loc":{"start":{"line":47,"column":22},"end":{"line":51,"column":3}},"line":47},"3":{"name":"handleLogout","decl":{"start":{"line":53,"column":23},"end":{"line":57,"column":3}},"loc":{"start":{"line":53,"column":23},"end":{"line":57,"column":3}},"line":53}},"f":{"0":21,"1":10,"2":1,"3":1}}
,"/home/penguin/code/waddleperf/webClient/frontend/src/components/DownloadTest.tsx": {"path":"/home/penguin/code/waddleperf/webClient/frontend/src/components/DownloadTest.tsx","all":false,"statementMap":{"0":{"start":{"line":1,"column":0},"end":{"line":1,"column":40}},"1":{"start":{"line":2,"column":0},"end":{"line":2,"column":27}},"2":{"start":{"line":3,"column":0},"end":{"line":3,"column":0}},"3":{"start":{"line":4,"column":0},"end":{"line":4,"column":29}},"4":{"start":{"line":5,"column":0},"end":{"line":5,"column":23}},"5":{"start":{"line":6,"column":0},"end":{"line":6,"column":1}},"6":{"start":{"line":7,"column":0},"end":{"line":7,"column":0}},"7":{"start":{"line":8,"column":0},"end":{"line":8,"column":26}},"8":{"start":{"line":9,"column":0},"end":{"line":9,"column":18}},"9":{"start":{"line":10,"column":0},"end":{"line":10,"column":18}},"10":{"start":{"line":11,"column":0},"end":{"line":11,"column":22}},"11":{"start":{"line":12,"column":0},"end":{"line":12,"column":19}},"12":{"start":{"line":13,"column":0},"end":{"line":13,"column":19}},"13":{"start":{"line":14,"column":0},"end":{"line":14,"column":1}},"14":{"start":{"line":15,"column":0},"end":{"line":15,"column":0}},"15":{"start":{"line":16,"column":0},"end":{"line":16,"column":61}},"16":{"start":{"line":17,"column":0},"end":{"line":17,"column":51}},"17":{"start":{"line":18,"column":0},"end":{"line":18,"column":45}},"18":{"start":{"line":19,"column":0},"end":{"line":19,"column":53}},"19":{"start":{"line":20,"column":0},"end":{"line":20,"column":47}},"20":{"start":{"line":21,"column":0},"end":{"line":21,"column":59}},"21":{"start":{"line":22,"column":0},"end":{"line":22,"column":67}},"22":{"start":{"line":23,"column":0},"end":{"line":23,"column":72}},"23":{"start":{"line":24,"column":0},"end":{"line":24,"column":65}},"24":{"start":{"line":25,"column":0},"end":{"line":25,"column":0}},"25":{"start":{"line":26,"column":0},"end":{"line":26,"column":27}},"26":{"start":{"line":27,"column":0},"end":{"line":27,"column":34}},"27":{"start":{"line":28,"column":0},"end":{"line":28,"column":34}},"28":{"start":{"line":29,"column":0},"end":{"line":29,"column":36}},"29":{"start":{"line":30,"column":0},"end":{"line":30,"column":36}},"30":{"start":{"line":31,"column":0},"end":{"line":31,"column":35}},"31":{"start":{"line":32,"column":0},"end":{"line":32,"column":3}},"32":{"start":{"line":33,"column":0},"end":{"line":33,"column":0}},"33":{"start":{"line":34,"column":0},"end":{"line":34,"column":39}},"34":{"start":{"line":35,"column":0},"end":{"line":35,"column":81}},"35":{"start":{"line":36,"column":0},"end":{"line":36,"column":22}},"36":{"start":{"line":37,"column":0},"end":{"line":37,"column":19}},"37":{"start":{"line":38,"column":0},"end":{"line":38,"column":18}},"38":{"start":{"line":39,"column":0},"end":{"line":39,"column":22}},"39":{"start":{"line":40,"column":0},"end":{"line":40,"column":19}},"40":{"start":{"line":41,"column":0},"end":{"line":41,"column":25}},"41":{"start":{"line":42,"column":0},"end":{"line":42,"column":0}},"42":{"start":{"line":43,"column":0},"end":{"line":43,"column":54}},"43":{"start":{"line":44,"column":0},"end":{"line":44,"column":32}},"44":{"start":{"line":45,"column":0},"end":{"line":45,"column":22}},"45":{"start":{"line":46,"column":0},"end":{"line":46,"column":20}},"46":{"start":{"line":47,"column":0},"end":{"line":47,"column":53}},"47":{"start":{"line":48,"column":0},"end":{"line":48,"column":50}},"48":{"start":{"line":49,"column":0},"end":{"line":49,"column":34}},"49":{"start":{"line":50,"column":0},"end":{"line":50,"column":0}},"50":{"start":{"line":51,"column":0},"end":{"line":51,"column":9}},"51":{"start":{"line":52,"column":0},"end":{"line":52,"column":40}},"52":{"start":{"line":53,"column":0},"end":{"line":53,"column":57}},"53":{"start":{"line":54,"column":0},"end":{"line":54,"column":47}},"54":{"start":{"line":55,"column":0},"end":{"line":55,"column":9}},"55":{"start":{"line":56,"column":0},"end":{"line":56,"column":0}},"56":{"start":{"line":57,"column":0},"end":{"line":57,"column":55}},"57":{"start":{"line":58,"column":0},"end":{"line":58,"column":93}},"58":{"start":{"line":59,"column":0},"end":{"line":59,"column":0}},"59":{"start":{"line":60,"column":0},"end":{"line":60,"column":37}},"60":{"start":{"line":61,"column":0},"end":{"line":61,"column":85}},"61":{"start":{"line":62,"column":0},"end":{"line":62,"column":11}},"62":{"start":{"line":63,"column":0},"end":{"line":63,"column":26}},"63":{"start":{"line":64,"column":0},"end":{"line":64,"column":30}},"64":{"start":{"line":65,"column":0},"end":{"line":65,"column":55}},"65":{"start":{"line":66,"column":0},"end":{"line":66,"column":11}},"66":{"start":{"line":67,"column":0},"end":{"line":67,"column":9}},"67":{"start":{"line":68,"column":0},"end":{"line":68,"column":0}},"68":{"start":{"line":69,"column":0},"end":{"line":69,"column":27}},"69":{"start":{"line":70,"column":0},"end":{"line":70,"column":52}},"70":{"start":{"line":71,"column":0},"end":{"line":71,"column":9}},"71":{"start":{"line":72,"column":0},"end":{"line":72,"column":0}},"72":{"start":{"line":73,"column":0},"end":{"line":73,"column":49}},"73":{"start":{"line":74,"column":0},"end":{"line":74,"column":22}},"74":{"start":{"line":75,"column":0},"end":{"line":75,"column":45}},"75":{"start":{"line":76,"column":0},"end":{"line":76,"column":9}},"76":{"start":{"line":77,"column":0},"end":{"line":77,"column":0}},"77":{"start":{"line":78,"column":0},"end":{"line":78,"column":26}},"78":{"start":{"line":79,"column":0},"end":{"line":79,"column":22}},"79":{"start":{"line":80,"column":0},"end":{"line":80,"column":53}},"80":{"start":{"line":81,"column":0},"end":{"line":81,"column":25}},"81":{"start":{"line":82,"column":0},"end":{"line":82,"column":0}},"82":{"start":{"line":83,"column":0},"end":{"line":83,"column":36}},"83":{"start":{"line":84,"column":0},"end":{"line":84,"column":36}},"84":{"start":{"line":85,"column":0},"end":{"line":85,"column":40}},"85":{"start":{"line":86,"column":0},"end":{"line":86,"column":0}},"86":{"start":{"line":87,"column":0},"end":{"line":87,"column":48}},"87":{"start":{"line":88,"column":0},"end":{"line":88,"column":32}},"88":{"start":{"line":89,"column":0},"end":{"line":89,"column":44}},"89":{"start":{"line":90,"column":0},"end":{"line":90,"column":52}},"90":{"start":{"line":91,"column":0},"end":{"line":91,"column":30}},"91":{"start":{"line":92,"column":0},"end":{"line":92,"column":72}},"92":{"start":{"line":93,"column":0},"end":{"line":93,"column":40}},"93":{"start":{"line":94,"column":0},"end":{"line":94,"column":0}},"94":{"start":{"line":95,"column":0},"end":{"line":95,"column":41}},"95":{"start":{"line":96,"column":0},"end":{"line":96,"column":36}},"96":{"start":{"line":97,"column":0},"end":{"line":97,"column":39}},"97":{"start":{"line":98,"column":0},"end":{"line":98,"column":15}},"98":{"start":{"line":99,"column":0},"end":{"line":99,"column":13}},"99":{"start":{"line":100,"column":0},"end":{"line":100,"column":32}},"100":{"start":{"line":101,"column":0},"end":{"line":101,"column":11}},"101":{"start":{"line":102,"column":0},"end":{"line":102,"column":0}},"102":{"start":{"line":103,"column":0},"end":{"line":103,"column":28}},"103":{"start":{"line":104,"column":0},"end":{"line":104,"column":66}},"104":{"start":{"line":105,"column":0},"end":{"line":105,"column":53}},"105":{"start":{"line":106,"column":0},"end":{"line":106,"column":9}},"106":{"start":{"line":107,"column":0},"end":{"line":107,"column":0}},"107":{"start":{"line":108,"column":0},"end":{"line":108,"column":90}},"108":{"start":{"line":109,"column":0},"end":{"line":109,"column":7}},"109":{"start":{"line":110,"column":0},"end":{"line":110,"column":0}},"110":{"start":{"line":111,"column":0},"end":{"line":111,"column":54}},"111":{"start":{"line":112,"column":0},"end":{"line":112,"column":68}},"112":{"start":{"line":113,"column":0},"end":{"line":113,"column":0}},"113":{"start":{"line":114,"column":0},"end":{"line":114,"column":39}},"114":{"start":{"line":115,"column":0},"end":{"line":115,"column":53}},"115":{"start":{"line":116,"column":0},"end":{"line":116,"column":50}},"116":{"start":{"line":117,"column":0},"end":{"line":117,"column":0}},"117":{"start":{"line":118,"column":0},"end":{"line":118,"column":43}},"118":{"start":{"line":119,"column":0},"end":{"line":119,"column":31}},"119":{"start":{"line":120,"column":0},"end":{"line":120,"column":17}},"120":{"start":{"line":121,"column":0},"end":{"line":121,"column":42}},"121":{"start":{"line":122,"column":0},"end":{"line":122,"column":40}},"122":{"start":{"line":123,"column":0},"end":{"line":123,"column":30}},"123":{"start":{"line":124,"column":0},"end":{"line":124,"column":7}},"124":{"start":{"line":125,"column":0},"end":{"line":125,"column":0}},"125":{"start":{"line":126,"column":0},"end":{"line":126,"column":28}},"126":{"start":{"line":127,"column":0},"end":{"line":127,"column":63}},"127":{"start":{"line":128,"column":0},"end":{"line":128,"column":21}},"128":{"start":{"line":129,"column":0},"end":{"line":129,"column":66}},"129":{"start":{"line":130,"column":0},"end":{"line":130,"column":60}},"130":{"start":{"line":131,"column":0},"end":{"line":131,"column":14}},"131":{"start":{"line":132,"column":0},"end":{"line":132,"column":59}},"132":{"start":{"line":133,"column":0},"end":{"line":133,"column":7}},"133":{"start":{"line":134,"column":0},"end":{"line":134,"column":15}},"134":{"start":{"line":135,"column":0},"end":{"line":135,"column":25}},"135":{"start":{"line":136,"column":0},"end":{"line":136,"column":20}},"136":{"start":{"line":137,"column":0},"end":{"line":137,"column":24}},"137":{"start":{"line":138,"column":0},"end":{"line":138,"column":39}},"138":{"start":{"line":139,"column":0},"end":{"line":139,"column":5}},"139":{"start":{"line":140,"column":0},"end":{"line":140,"column":3}},"140":{"start":{"line":141,"column":0},"end":{"line":141,"column":0}},"141":{"start":{"line":142,"column":0},"end":{"line":142,"column":28}},"142":{"start":{"line":143,"column":0},"end":{"line":143,"column":52}},"143":{"start":{"line":144,"column":0},"end":{"line":144,"column":39}},"144":{"start":{"line":145,"column":0},"end":{"line":145,"column":3}},"145":{"start":{"line":146,"column":0},"end":{"line":146,"column":0}},"146":{"start":{"line":147,"column":0},"end":{"line":147,"column":41}},"147":{"start":{"line":148,"column":0},"end":{"line":148,"column":30}},"148":{"start":{"line":149,"column":0},"end":{"line":149,"column":40}},"149":{"start":{"line":150,"column":0},"end":{"line":150,"column":41}},"150":{"start":{"line":151,"column":0},"end":{"line":151,"column":26}},"151":{"start":{"line":152,"column":0},"end":{"line":152,"column":3}},"152":{"start":{"line":153,"column":0},"end":{"line":153,"column":0}},"153":{"start":{"line":154,"column":0},"end":{"line":154,"column":42}},"154":{"start":{"line":155,"column":0},"end":{"line":155,"column":33}},"155":{"start":{"line":156,"column":0},"end":{"line":156,"column":36}},"156":{"start":{"line":157,"column":0},"end":{"line":157,"column":56}},"157":{"start":{"line":158,"column":0},"end":{"line":158,"column":47}},"158":{"start":{"line":159,"column":0},"end":{"line":159,"column":41}},"159":{"start":{"line":160,"column":0},"end":{"line":160,"column":3}},"160":{"start":{"line":161,"column":0},"end":{"line":161,"column":0}},"161":{"start":{"line":162,"column":0},"end":{"line":162,"column":47}},"162":{"start":{"line":163,"column":0},"end":{"line":163,"column":53}},"163":{"start":{"line":164,"column":0},"end":{"line":164,"column":44}},"164":{"start":{"line":165,"column":0},"end":{"line":165,"column":53}},"165":{"start":{"line":166,"column":0},"end":{"line":166,"column":45}},"166":{"start":{"line":167,"column":0},"end":{"line":167,"column":3}},"167":{"start":{"line":168,"column":0},"end":{"line":168,"column":0}},"168":{"start":{"line":169,"column":0},"end":{"line":169,"column":10}},"169":{"start":{"line":170,"column":0},"end":{"line":170,"column":44}},"170":{"start":{"line":171,"column":0},"end":{"line":171,"column":43}},"171":{"start":{"line":172,"column":0},"end":{"line":172,"column":36}},"172":{"start":{"line":173,"column":0},"end":{"line":173,"column":73}},"173":{"start":{"line":174,"column":0},"end":{"line":174,"column":12}},"174":{"start":{"line":175,"column":0},"end":{"line":175,"column":0}},"175":{"start":{"line":176,"column":0},"end":{"line":176,"column":44}},"176":{"start":{"line":177,"column":0},"end":{"line":177,"column":35}},"177":{"start":{"line":178,"column":0},"end":{"line":178,"column":45}},"178":{"start":{"line":179,"column":0},"end":{"line":179,"column":47}},"179":{"start":{"line":180,"column":0},"end":{"line":180,"column":96}},"180":{"start":{"line":181,"column":0},"end":{"line":181,"column":21}},"181":{"start":{"line":182,"column":0},"end":{"line":182,"column":39}},"182":{"start":{"line":183,"column":0},"end":{"line":183,"column":40}},"183":{"start":{"line":184,"column":0},"end":{"line":184,"column":33}},"184":{"start":{"line":185,"column":0},"end":{"line":185,"column":105}},"185":{"start":{"line":186,"column":0},"end":{"line":186,"column":18}},"186":{"start":{"line":187,"column":0},"end":{"line":187,"column":20}},"187":{"start":{"line":188,"column":0},"end":{"line":188,"column":18}},"188":{"start":{"line":189,"column":0},"end":{"line":189,"column":0}},"189":{"start":{"line":190,"column":0},"end":{"line":190,"column":43}},"190":{"start":{"line":191,"column":0},"end":{"line":191,"column":46}},"191":{"start":{"line":192,"column":0},"end":{"line":192,"column":44}},"192":{"start":{"line":193,"column":0},"end":{"line":193,"column":50}},"193":{"start":{"line":194,"column":0},"end":{"line":194,"column":25}},"194":{"start":{"line":195,"column":0},"end":{"line":195,"column":38}},"195":{"start":{"line":196,"column":0},"end":{"line":196,"column":94}},"196":{"start":{"line":197,"column":0},"end":{"line":197,"column":65}},"197":{"start":{"line":198,"column":0},"end":{"line":198,"column":19}},"198":{"start":{"line":199,"column":0},"end":{"line":199,"column":34}},"199":{"start":{"line":200,"column":0},"end":{"line":200,"column":27}},"200":{"start":{"line":201,"column":0},"end":{"line":201,"column":19}},"201":{"start":{"line":202,"column":0},"end":{"line":202,"column":20}},"202":{"start":{"line":203,"column":0},"end":{"line":203,"column":18}},"203":{"start":{"line":204,"column":0},"end":{"line":204,"column":0}},"204":{"start":{"line":205,"column":0},"end":{"line":205,"column":77}},"205":{"start":{"line":206,"column":0},"end":{"line":206,"column":33}},"206":{"start":{"line":207,"column":0},"end":{"line":207,"column":21}},"207":{"start":{"line":208,"column":0},"end":{"line":208,"column":0}},"208":{"start":{"line":209,"column":0},"end":{"line":209,"column":43}},"209":{"start":{"line":210,"column":0},"end":{"line":210,"column":96}},"210":{"start":{"line":211,"column":0},"end":{"line":211,"column":18}},"211":{"start":{"line":212,"column":0},"end":{"line":212,"column":16}},"212":{"start":{"line":213,"column":0},"end":{"line":213,"column":10}},"213":{"start":{"line":214,"column":0},"end":{"line":214,"column":0}},"214":{"start":{"line":215,"column":0},"end":{"line":215,"column":23}},"215":{"start":{"line":216,"column":0},"end":{"line":216,"column":48}},"216":{"start":{"line":217,"column":0},"end":{"line":217,"column":52}},"217":{"start":{"line":218,"column":0},"end":{"line":218,"column":96}},"218":{"start":{"line":219,"column":0},"end":{"line":219,"column":21}},"219":{"start":{"line":220,"column":0},"end":{"line":220,"column":39}},"220":{"start":{"line":221,"column":0},"end":{"line":221,"column":40}},"221":{"start":{"line":222,"column":0},"end":{"line":222,"column":33}},"222":{"start":{"line":223,"column":0},"end":{"line":223,"column":105}},"223":{"start":{"line":224,"column":0},"end":{"line":224,"column":44}},"224":{"start":{"line":225,"column":0},"end":{"line":225,"column":18}},"225":{"start":{"line":226,"column":0},"end":{"line":226,"column":20}},"226":{"start":{"line":227,"column":0},"end":{"line":227,"column":18}},"227":{"start":{"line":228,"column":0},"end":{"line":228,"column":0}},"228":{"start":{"line":229,"column":0},"end":{"line":229,"column":43}},"229":{"start":{"line":230,"column":0},"end":{"line":230,"column":76}},"230":{"start":{"line":231,"column":0},"end":{"line":231,"column":52}},"231":{"start":{"line":232,"column":0},"end":{"line":232,"column":62}},"232":{"start":{"line":233,"column":0},"end":{"line":233,"column":18}},"233":{"start":{"line":234,"column":0},"end":{"line":234,"column":0}},"234":{"start":{"line":235,"column":0},"end":{"line":235,"column":44}},"235":{"start":{"line":236,"column":0},"end":{"line":236,"column":41}},"236":{"start":{"line":237,"column":0},"end":{"line":237,"column":63}},"237":{"start":{"line":238,"column":0},"end":{"line":238,"column":82}},"238":{"start":{"line":239,"column":0},"end":{"line":239,"column":20}},"239":{"start":{"line":240,"column":0},"end":{"line":240,"column":41}},"240":{"start":{"line":241,"column":0},"end":{"line":241,"column":63}},"241":{"start":{"line":242,"column":0},"end":{"line":242,"column":81}},"242":{"start":{"line":243,"column":0},"end":{"line":243,"column":20}},"243":{"start":{"line":244,"column":0},"end":{"line":244,"column":18}},"244":{"start":{"line":245,"column":0},"end":{"line":245,"column":0}},"245":{"start":{"line":246,"column":0},"end":{"line":246,"column":42}},"246":{"start":{"line":247,"column":0},"end":{"line":247,"column":85}},"247":{"start":{"line":248,"column":0},"end":{"line":248,"column":75}},"248":{"start":{"line":249,"column":0},"end":{"line":249,"column":18}},"249":{"start":{"line":250,"column":0},"end":{"line":250,"column":0}},"250":{"start":{"line":251,"column":0},"end":{"line":251,"column":73}},"251":{"start":{"line":252,"column":0},"end":{"line":252,"column":20}},"252":{"start":{"line":253,"column":0},"end":{"line":253,"column":21}},"253":{"start":{"line":254,"column":0},"end":{"line":254,"column":16}},"254":{"start":{"line":255,"column":0},"end":{"line":255,"column":10}},"255":{"start":{"line":256,"column":0},"end":{"line":256,"column":12}},"256":{"start":{"line":257,"column":0},"end":{"line":257,"column":0}},"257":{"start":{"line":258,"column":0},"end":{"line":258,"column":43}},"258":{"start":{"line":259,"column":0},"end":{"line":259,"column":41}},"259":{"start":{"line":260,"column":0},"end":{"line":260,"column":81}},"260":{"start":{"line":261,"column":0},"end":{"line":261,"column":12}},"261":{"start":{"line":262,"column":0},"end":{"line":262,"column":12}},"262":{"start":{"line":263,"column":0},"end":{"line":263,"column":0}},"263":{"start":{"line":264,"column":0},"end":{"line":264,"column":27}},"264":{"start":{"line":265,"column":0},"end":{"line":265,"column":32}},"265":{"start":{"line":266,"column":0},"end":{"line":266,"column":71}},"266":{"start":{"line":267,"column":0},"end":{"line":267,"column":78}},"267":{"start":{"line":268,"column":0},"end":{"line":268,"column":42}},"268":{"start":{"line":269,"column":0},"end":{"line":269,"column":44}},"269":{"start":{"line":270,"column":0},"end":{"line":270,"column":78}},"270":{"start":{"line":271,"column":0},"end":{"line":271,"column":17}},"271":{"start":{"line":272,"column":0},"end":{"line":272,"column":23}},"272":{"start":{"line":273,"column":0},"end":{"line":273,"column":18}},"273":{"start":{"line":274,"column":0},"end":{"line":274,"column":0}},"274":{"start":{"line":275,"column":0},"end":{"line":275,"column":41}},"275":{"start":{"line":276,"column":0},"end":{"line":276,"column":43}},"276":{"start":{"line":277,"column":0},"end":{"line":277,"column":60}},"277":{"start":{"line":278,"column":0},"end":{"line":278,"column":86}},"278":{"start":{"line":279,"column":0},"end":{"line":279,"column":55}},"279":{"start":{"line":280,"column":0},"end":{"line":280,"column":65}},"280":{"start":{"line":281,"column":0},"end":{"line":281,"column":20}},"281":{"start":{"line":282,"column":0},"end":{"line":282,"column":0}},"282":{"start":{"line":283,"column":0},"end":{"line":283,"column":43}},"283":{"start":{"line":284,"column":0},"end":{"line":284,"column":58}},"284":{"start":{"line":285,"column":0},"end":{"line":285,"column":83}},"285":{"start":{"line":286,"column":0},"end":{"line":286,"column":55}},"286":{"start":{"line":287,"column":0},"end":{"line":287,"column":62}},"287":{"start":{"line":288,"column":0},"end":{"line":288,"column":20}},"288":{"start":{"line":289,"column":0},"end":{"line":289,"column":0}},"289":{"start":{"line":290,"column":0},"end":{"line":290,"column":43}},"290":{"start":{"line":291,"column":0},"end":{"line":291,"column":58}},"291":{"start":{"line":292,"column":0},"end":{"line":292,"column":69}},"292":{"start":{"line":293,"column":0},"end":{"line":293,"column":53}},"293":{"start":{"line":294,"column":0},"end":{"line":294,"column":61}},"294":{"start":{"line":295,"column":0},"end":{"line":295,"column":20}},"295":{"start":{"line":296,"column":0},"end":{"line":296,"column":0}},"296":{"start":{"line":297,"column":0},"end":{"line":297,"column":43}},"297":{"start":{"line":298,"column":0},"end":{"line":298,"column":62}},"298":{"start":{"line":299,"column":0},"end":{"line":299,"column":85}},"299":{"start":{"line":300,"column":0},"end":{"line":300,"column":51}},"300":{"start":{"line":301,"column":0},"end":{"line":301,"column":60}},"301":{"start":{"line":302,"column":0},"end":{"line":302,"column":20}},"302":{"start":{"line":303,"column":0},"end":{"line":303,"column":18}},"303":{"start":{"line":304,"column":0},"end":{"line":304,"column":0}},"304":{"start":{"line":305,"column":0},"end":{"line":305,"column":46}},"305":{"start":{"line":306,"column":0},"end":{"line":306,"column":81}},"306":{"start":{"line":307,"column":0},"end":{"line":307,"column":18}},"307":{"start":{"line":308,"column":0},"end":{"line":308,"column":0}},"308":{"start":{"line":309,"column":0},"end":{"line":309,"column":43}},"309":{"start":{"line":310,"column":0},"end":{"line":310,"column":82}},"310":{"start":{"line":311,"column":0},"end":{"line":311,"column":21}},"311":{"start":{"line":312,"column":0},"end":{"line":312,"column":23}},"312":{"start":{"line":313,"column":0},"end":{"line":313,"column":21}},"313":{"start":{"line":314,"column":0},"end":{"line":314,"column":32}},"314":{"start":{"line":315,"column":0},"end":{"line":315,"column":33}},"315":{"start":{"line":316,"column":0},"end":{"line":316,"column":35}},"316":{"start":{"line":317,"column":0},"end":{"line":317,"column":18}},"317":{"start":{"line":318,"column":0},"end":{"line":318,"column":48}},"318":{"start":{"line":319,"column":0},"end":{"line":319,"column":15}},"319":{"start":{"line":320,"column":0},"end":{"line":320,"column":25}},"320":{"start":{"line":321,"column":0},"end":{"line":321,"column":23}},"321":{"start":{"line":322,"column":0},"end":{"line":322,"column":18}},"322":{"start":{"line":323,"column":0},"end":{"line":323,"column":16}},"323":{"start":{"line":324,"column":0},"end":{"line":324,"column":14}},"324":{"start":{"line":325,"column":0},"end":{"line":325,"column":8}},"325":{"start":{"line":326,"column":0},"end":{"line":326,"column":10}},"326":{"start":{"line":327,"column":0},"end":{"line":327,"column":3}},"327":{"start":{"line":328,"column":0},"end":{"line":328,"column":1}},"328":{"start":{"line":329,"column":0},"end":{"line":329,"column":0}},"329":{"start":{"line":330,"column":0},"end":{"line":330,"column":27}}},"s":{"0":1,"1":1,"2":1,"3":1,"4":1,"5":1,"6":1,"7":1,"8":1,"9":1,"10":1,"11":1,"12":1,"13":1,"14":1,"15":35,"16":35,"17":35,"18":35,"19":35,"20":35,"21":35,"22":35,"23":35,"24":35,"25":35,"26":35,"27":35,"28":35,"29":35,"30":35,"31":35,"32":35,"33":35,"34":5,"35":5,"36":5,"37":5,"38":5,"39":5,"40":5,"41":5,"42":5,"43":5,"44":5,"45":5,"46":5,"47":5,"48":5,"49":5,"50":5,"51":5,"52":5,"53":0,"54":0,"55":5,"56":5,"57":5,"58":5,"59":5,"60":5,"61":5,"62":5,"63":5,"64":5,"65":5,"66":5,"67":2,"68":5,"69":1,"70":1,"71":1,"72":5,"73":5,"74":0,"75":0,"76":1,"77":1,"78":5,"79":2,"80":2,"81":1,"82":1,"83":1,"84":1,"85":1,"86":1,"87":1,"88":2,"89":0,"90":0,"91":0,"92":0,"93":0,"94":0,"95":0,"96":0,"97":0,"98":0,"99":0,"100":0,"101":1,"102":1,"103":1,"104":1,"105":1,"106":1,"107":1,"108":1,"109":1,"110":1,"111":1,"112":1,"113":1,"114":1,"115":1,"116":1,"117":1,"118":1,"119":1,"120":1,"121":1,"122":1,"123":1,"124":1,"125":1,"126":1,"127":5,"128":3,"129":0,"130":3,"131":3,"132":3,"133":5,"134":4,"135":4,"136":4,"137":4,"138":4,"139":5,"140":35,"141":35,"142":1,"143":1,"144":1,"145":35,"146":35,"147":14,"148":14,"149":14,"150":1,"151":14,"152":35,"153":35,"154":6,"155":1,"156":6,"157":1,"158":0,"159":6,"160":35,"161":35,"162":1,"163":0,"164":0,"165":0,"166":1,"167":35,"168":35,"169":35,"170":35,"171":35,"172":35,"173":35,"174":35,"175":35,"176":35,"177":28,"178":28,"179":28,"180":28,"181":28,"182":28,"183":28,"184":28,"185":28,"186":28,"187":28,"188":28,"189":28,"190":28,"191":28,"192":28,"193":140,"194":140,"195":140,"196":140,"197":140,"198":140,"199":140,"200":28,"201":28,"202":28,"203":28,"204":28,"205":28,"206":28,"207":28,"208":28,"209":28,"210":28,"211":28,"212":35,"213":35,"214":35,"215":6,"216":6,"217":6,"218":6,"219":6,"220":6,"221":6,"222":6,"223":6,"224":6,"225":6,"226":6,"227":6,"228":6,"229":6,"230":6,"231":6,"232":6,"233":6,"234":6,"235":6,"236":6,"237":6,"238":6,"239":6,"240":6,"241":6,"242":6,"243":6,"244":6,"245":6,"246":6,"247":6,"248":6,"249":6,"250":6,"251":6,"252":6,"253":6,"254":35,"255":35,"256":35,"257":35,"258":35,"259":35,"260":35,"261":35,"262":35,"263":35,"264":35,"265":1,"266":1,"267":1,"268":1,"269":1,"270":1,"271":1,"272":1,"273":1,"274":1,"275":1,"276":1,"277":1,"278":1,"279":1,"280":1,"281":1,"282":1,"283":1,"284":1,"285":1,"286":1,"287":1,"288":1,"289":1,"290":1,"291":1,"292":1,"293":1,"294":1,"295":1,"296":1,"297":1,"298":1,"299":1,"300":1,"301":1,"302":1,"303":1,"304":1,"305":1,"306":1,"307":1,"308":1,"309":1,"310":1,"311":1,"312":1,"313":1,"314":0,"315":0,"316":0,"317":1,"318":1,"319":1,"320":1,"321":1,"322":1,"323":1,"324":35,"325":35,"326":35,"327":35,"328":1,"329":1},"branchMap":{"0":{"type":"branch","line":16,"loc":{"start":{"line":16,"column":0},"end":{"line":328,"column":1}},"locations":[{"start":{"line":16,"column":0},"end":{"line":328,"column":1}}]},"1":{"type":"branch","line":177,"loc":{"start":{"line":177,"column":10},"end":{"line":177,"column":35}},"locations":[{"start":{"line":177,"column":10},"end":{"line":177,"column":35}}]},"2":{"type":"branch","line":177,"loc":{"start":{"line":177,"column":24},"end":{"line":212,"column":16}},"locations":[{"start":{"line":177,"column":24},"end":{"line":212,"column":16}}]},"3":{"type":"branch","line":215,"loc":{"start":{"line":215,"column":9},"end":{"line":254,"column":16}},"locations":[{"start":{"line":215,"column":9},"end":{"line":254,"column":16}}]},"4":{"type":"branch","line":265,"loc":{"start":{"line":265,"column":7},"end":{"line":265,"column":32}},"locations":[{"start":{"line":265,"column":7},"end":{"line":265,"column":32}}]},"5":{"type":"branch","line":265,"loc":{"start":{"line":265,"column":18},"end":{"line":324,"column":14}},"locations":[{"start":{"line":265,"column":18},"end":{"line":324,"column":14}}]},"6":{"type":"branch","line":34,"loc":{"start":{"line":34,"column":26},"end":{"line":140,"column":3}},"locations":[{"start":{"line":34,"column":26},"end":{"line":140,"column":3}}]},"7":{"type":"branch","line":53,"loc":{"start":{"line":53,"column":56},"end":{"line":55,"column":9}},"locations":[{"start":{"line":53,"column":56},"end":{"line":55,"column":9}}]},"8":{"type":"branch","line":67,"loc":{"start":{"line":67,"column":8},"end":{"line":69,"column":26}},"locations":[{"start":{"line":67,"column":8},"end":{"line":69,"column":26}}]},"9":{"type":"branch","line":69,"loc":{"start":{"line":69,"column":26},"end":{"line":73,"column":48}},"locations":[{"start":{"line":69,"column":26},"end":{"line":73,"column":48}}]},"10":{"type":"branch","line":74,"loc":{"start":{"line":74,"column":21},"end":{"line":76,"column":9}},"locations":[{"start":{"line":74,"column":21},"end":{"line":76,"column":9}}]},"11":{"type":"branch","line":76,"loc":{"start":{"line":76,"column":8},"end":{"line":79,"column":21}},"locations":[{"start":{"line":76,"column":8},"end":{"line":79,"column":21}}]},"12":{"type":"branch","line":79,"loc":{"start":{"line":79,"column":21},"end":{"line":106,"column":9}},"locations":[{"start":{"line":79,"column":21},"end":{"line":106,"column":9}}]},"13":{"type":"branch","line":81,"loc":{"start":{"line":81,"column":20},"end":{"line":89,"column":43}},"locations":[{"start":{"line":81,"column":20},"end":{"line":89,"column":43}}]},"14":{"type":"branch","line":89,"loc":{"start":{"line":89,"column":43},"end":{"line":101,"column":11}},"locations":[{"start":{"line":89,"column":43},"end":{"line":101,"column":11}}]},"15":{"type":"branch","line":101,"loc":{"start":{"line":101,"column":10},"end":{"line":106,"column":9}},"locations":[{"start":{"line":101,"column":10},"end":{"line":106,"column":9}}]},"16":{"type":"branch","line":106,"loc":{"start":{"line":106,"column":8},"end":{"line":128,"column":13}},"locations":[{"start":{"line":106,"column":8},"end":{"line":128,"column":13}}]},"17":{"type":"branch","line":128,"loc":{"start":{"line":128,"column":4},"end":{"line":134,"column":6}},"locations":[{"start":{"line":128,"column":4},"end":{"line":134,"column":6}}]},"18":{"type":"branch","line":129,"loc":{"start":{"line":129,"column":27},"end":{"line":129,"column":65}},"locations":[{"start":{"line":129,"column":27},"end":{"line":129,"column":65}}]},"19":{"type":"branch","line":129,"loc":{"start":{"line":129,"column":65},"end":{"line":131,"column":13}},"locations":[{"start":{"line":129,"column":65},"end":{"line":131,"column":13}}]},"20":{"type":"branch","line":134,"loc":{"start":{"line":134,"column":4},"end":{"line":139,"column":5}},"locations":[{"start":{"line":134,"column":4},"end":{"line":139,"column":5}}]},"21":{"type":"branch","line":142,"loc":{"start":{"line":142,"column":21},"end":{"line":145,"column":3}},"locations":[{"start":{"line":142,"column":21},"end":{"line":145,"column":3}}]},"22":{"type":"branch","line":147,"loc":{"start":{"line":147,"column":22},"end":{"line":152,"column":3}},"locations":[{"start":{"line":147,"column":22},"end":{"line":152,"column":3}}]},"23":{"type":"branch","line":148,"loc":{"start":{"line":148,"column":20},"end":{"line":148,"column":30}},"locations":[{"start":{"line":148,"column":20},"end":{"line":148,"column":30}}]},"24":{"type":"branch","line":148,"loc":{"start":{"line":148,"column":27},"end":{"line":149,"column":25}},"locations":[{"start":{"line":148,"column":27},"end":{"line":149,"column":25}}]},"25":{"type":"branch","line":149,"loc":{"start":{"line":149,"column":18},"end":{"line":149,"column":40}},"locations":[{"start":{"line":149,"column":18},"end":{"line":149,"column":40}}]},"26":{"type":"branch","line":149,"loc":{"start":{"line":149,"column":39},"end":{"line":150,"column":26}},"locations":[{"start":{"line":149,"column":39},"end":{"line":150,"column":26}}]},"27":{"type":"branch","line":150,"loc":{"start":{"line":150,"column":19},"end":{"line":150,"column":41}},"locations":[{"start":{"line":150,"column":19},"end":{"line":150,"column":41}}]},"28":{"type":"branch","line":150,"loc":{"start":{"line":150,"column":40},"end":{"line":151,"column":26}},"locations":[{"start":{"line":150,"column":40},"end":{"line":151,"column":26}}]},"29":{"type":"branch","line":154,"loc":{"start":{"line":154,"column":22},"end":{"line":160,"column":3}},"locations":[{"start":{"line":154,"column":22},"end":{"line":160,"column":3}}]},"30":{"type":"branch","line":155,"loc":{"start":{"line":155,"column":21},"end":{"line":155,"column":33}},"locations":[{"start":{"line":155,"column":21},"end":{"line":155,"column":33}}]},"31":{"type":"branch","line":155,"loc":{"start":{"line":155,"column":28},"end":{"line":157,"column":23}},"locations":[{"start":{"line":155,"column":28},"end":{"line":157,"column":23}}]},"32":{"type":"branch","line":157,"loc":{"start":{"line":157,"column":16},"end":{"line":157,"column":56}},"locations":[{"start":{"line":157,"column":16},"end":{"line":157,"column":56}}]},"33":{"type":"branch","line":157,"loc":{"start":{"line":157,"column":51},"end":{"line":158,"column":47}},"locations":[{"start":{"line":157,"column":51},"end":{"line":158,"column":47}}]},"34":{"type":"branch","line":158,"loc":{"start":{"line":158,"column":42},"end":{"line":159,"column":41}},"locations":[{"start":{"line":158,"column":42},"end":{"line":159,"column":41}}]},"35":{"type":"branch","line":162,"loc":{"start":{"line":162,"column":25},"end":{"line":167,"column":3}},"locations":[{"start":{"line":162,"column":25},"end":{"line":167,"column":3}}]},"36":{"type":"branch","line":163,"loc":{"start":{"line":163,"column":50},"end":{"line":166,"column":45}},"locations":[{"start":{"line":163,"column":50},"end":{"line":166,"column":45}}]},"37":{"type":"branch","line":193,"loc":{"start":{"line":193,"column":37},"end":{"line":200,"column":27}},"locations":[{"start":{"line":193,"column":37},"end":{"line":200,"column":27}}]},"38":{"type":"branch","line":196,"loc":{"start":{"line":196,"column":70},"end":{"line":196,"column":89}},"locations":[{"start":{"line":196,"column":70},"end":{"line":196,"column":89}}]},"39":{"type":"branch","line":196,"loc":{"start":{"line":196,"column":78},"end":{"line":196,"column":91}},"locations":[{"start":{"line":196,"column":78},"end":{"line":196,"column":91}}]},"40":{"type":"branch","line":197,"loc":{"start":{"line":197,"column":29},"end":{"line":197,"column":65}},"locations":[{"start":{"line":197,"column":29},"end":{"line":197,"column":65}}]}},"b":{"0":[35],"1":[29],"2":[28],"3":[6],"4":[1],"5":[1],"6":[5],"7":[0],"8":[2],"9":[1],"10":[0],"11":[1],"12":[2],"13":[1],"14":[0],"15":[1],"16":[1],"17":[3],"18":[2],"19":[0],"20":[4],"21":[1],"22":[14],"23":[13],"24":[1],"25":[0],"26":[1],"27":[0],"28":[1],"29":[6],"30":[5],"31":[1],"32":[0],"33":[1],"34":[0],"35":[1],"36":[0],"37":[140],"38":[28],"39":[112],"40":[8]},"fnMap":{"0":{"name":"DownloadTest","decl":{"start":{"line":16,"column":0},"end":{"line":328,"column":1}},"loc":{"start":{"line":16,"column":0},"end":{"line":328,"column":1}},"line":16},"1":{"name":"runDownloadTest","decl":{"start":{"line":34,"column":26},"end":{"line":140,"column":3}},"loc":{"start":{"line":34,"column":26},"end":{"line":140,"column":3}},"line":34},"2":{"name":"cancelTest","decl":{"start":{"line":142,"column":21},"end":{"line":145,"column":3}},"loc":{"start":{"line":142,"column":21},"end":{"line":145,"column":3}},"line":142},"3":{"name":"formatSpeed","decl":{"start":{"line":147,"column":22},"end":{"line":152,"column":3}},"loc":{"start":{"line":147,"column":22},"end":{"line":152,"column":3}},"line":147},"4":{"name":"formatBytes","decl":{"start":{"line":154,"column":22},"end":{"line":160,"column":3}},"loc":{"start":{"line":154,"column":22},"end":{"line":160,"column":3}},"line":154},"5":{"name":"formatDuration","decl":{"start":{"line":162,"column":25},"end":{"line":167,"column":3}},"loc":{"start":{"line":162,"column":25},"end":{"line":167,"column":3}},"line":162},"6":{"name":"onClick","decl":{"start":{"line":197,"column":29},"end":{"line":197,"column":65}},"loc":{"start":{"line":197,"column":29},"end":{"line":197,"column":65}},"line":197},"7":{"name":"onClick","decl":{"start":{"line":266,"column":48},"end":{"line":266,"column":71}},"loc":{"start":{"line":266,"column":48},"end":{"line":266,"column":71}},"line":266},"8":{"name":"onClick","decl":{"start":{"line":267,"column":50},"end":{"line":267,"column":78}},"loc":{"start":{"line":267,"column":50},"end":{"line":267,"column":78}},"line":267},"9":{"name":"onClick","decl":{"start":{"line":270,"column":55},"end":{"line":270,"column":78}},"loc":{"start":{"line":270,"column":55},"end":{"line":270,"column":78}},"line":270},"10":{"name":"onClick","decl":{"start":{"line":310,"column":31},"end":{"line":310,"column":54}},"loc":{"start":{"line":310,"column":31},"end":{"line":310,"column":54}},"line":310},"11":{"name":"onClick","decl":{"start":{"line":314,"column":25},"end":{"line":317,"column":18}},"loc":{"start":{"line":314,"column":25},"end":{"line":317,"column":18}},"line":314}},"f":{"0":35,"1":5,"2":1,"3":14,"4":6,"5":1,"6":8,"7":0,"8":0,"9":0,"10":0,"11":0}}
,"/home/penguin/code/waddleperf/webClient/frontend/src/components/Login.tsx": {"path":"/home/penguin/code/waddleperf/webClient/frontend/src/components/Login.tsx","all":false,"statementMap":{"0":{"start":{"line":1,"column":0},"end":{"line":1,"column":62}},"1":{"start":{"line":2,"column":0},"end":{"line":2,"column":20}},"2":{"start":{"line":3,"column":0},"end":{"line":3,"column":0}},"3":{"start":{"line":4,"column":0},"end":{"line":4,"column":22}},"4":{"start":{"line":5,"column":0},"end":{"line":5,"column":88}},"5":{"start":{"line":6,"column":0},"end":{"line":6,"column":1}},"6":{"start":{"line":7,"column":0},"end":{"line":7,"column":0}},"7":{"start":{"line":8,"column":0},"end":{"line":8,"column":41}},"8":{"start":{"line":9,"column":0},"end":{"line":9,"column":10}},"9":{"start":{"line":10,"column":0},"end":{"line":10,"column":21}},"10":{"start":{"line":11,"column":0},"end":{"line":11,"column":43}},"11":{"start":{"line":12,"column":0},"end":{"line":12,"column":17}},"12":{"start":{"line":13,"column":0},"end":{"line":13,"column":30}},"13":{"start":{"line":14,"column":0},"end":{"line":14,"column":37}},"14":{"start":{"line":15,"column":0},"end":{"line":15,"column":47}},"15":{"start":{"line":16,"column":0},"end":{"line":16,"column":8}},"16":{"start":{"line":17,"column":0},"end":{"line":17,"column":32}},"17":{"start":{"line":18,"column":0},"end":{"line":18,"column":24}},"18":{"start":{"line":19,"column":0},"end":{"line":19,"column":32}},"19":{"start":{"line":20,"column":0},"end":{"line":20,"column":28}},"20":{"start":{"line":21,"column":0},"end":{"line":21,"column":98}},"21":{"start":{"line":22,"column":0},"end":{"line":22,"column":9}},"22":{"start":{"line":23,"column":0},"end":{"line":23,"column":56}},"23":{"start":{"line":24,"column":0},"end":{"line":24,"column":63}},"24":{"start":{"line":25,"column":0},"end":{"line":25,"column":107}},"25":{"start":{"line":26,"column":0},"end":{"line":26,"column":9}},"26":{"start":{"line":27,"column":0},"end":{"line":27,"column":8}},"27":{"start":{"line":28,"column":0},"end":{"line":28,"column":64}},"28":{"start":{"line":29,"column":0},"end":{"line":29,"column":6}},"29":{"start":{"line":30,"column":0},"end":{"line":30,"column":4}},"30":{"start":{"line":31,"column":0},"end":{"line":31,"column":1}},"31":{"start":{"line":32,"column":0},"end":{"line":32,"column":0}},"32":{"start":{"line":33,"column":0},"end":{"line":33,"column":20}}},"s":{"0":1,"1":1,"2":1,"3":1,"4":1,"5":1,"6":1,"7":7,"8":7,"9":7,"10":7,"11":7,"12":7,"13":7,"14":7,"15":7,"16":7,"17":7,"18":7,"19":3,"20":2,"21":2,"22":3,"23":3,"24":2,"25":2,"26":3,"27":7,"28":7,"29":7,"30":7,"31":1,"32":1},"branchMap":{"0":{"type":"branch","line":8,"loc":{"start":{"line":8,"column":0},"end":{"line":31,"column":1}},"locations":[{"start":{"line":8,"column":0},"end":{"line":31,"column":1}}]},"1":{"type":"branch","line":19,"loc":{"start":{"line":19,"column":17},"end":{"line":27,"column":8}},"locations":[{"start":{"line":19,"column":17},"end":{"line":27,"column":8}}]},"2":{"type":"branch","line":20,"loc":{"start":{"line":20,"column":27},"end":{"line":22,"column":9}},"locations":[{"start":{"line":20,"column":27},"end":{"line":22,"column":9}}]},"3":{"type":"branch","line":24,"loc":{"start":{"line":24,"column":62},"end":{"line":26,"column":9}},"locations":[{"start":{"line":24,"column":62},"end":{"line":26,"column":9}}]},"4":{"type":"branch","line":28,"loc":{"start":{"line":28,"column":15},"end":{"line":28,"column":64}},"locations":[{"start":{"line":28,"column":15},"end":{"line":28,"column":64}}]}},"b":{"0":[7],"1":[3],"2":[2],"3":[2],"4":[1]},"fnMap":{"0":{"name":"Login","decl":{"start":{"line":8,"column":0},"end":{"line":31,"column":1}},"loc":{"start":{"line":8,"column":0},"end":{"line":31,"column":1}},"line":8},"1":{"name":"onSuccess","decl":{"start":{"line":19,"column":17},"end":{"line":27,"column":8}},"loc":{"start":{"line":19,"column":17},"end":{"line":27,"column":8}},"line":19},"2":{"name":"onError","decl":{"start":{"line":28,"column":15},"end":{"line":28,"column":64}},"loc":{"start":{"line":28,"column":15},"end":{"line":28,"column":64}},"line":28}},"f":{"0":7,"1":3,"2":1}}
,"/home/penguin/code/waddleperf/webClient/frontend/src/components/RealtimeCharts.tsx": {"path":"/home/penguin/code/waddleperf/webClient/frontend/src/components/RealtimeCharts.tsx","all":false,"statementMap":{"0":{"start":{"line":1,"column":0},"end":{"line":1,"column":101}},"1":{"start":{"line":2,"column":0},"end":{"line":2,"column":47}},"2":{"start":{"line":3,"column":0},"end":{"line":3,"column":29}},"3":{"start":{"line":4,"column":0},"end":{"line":4,"column":0}},"4":{"start":{"line":5,"column":0},"end":{"line":5,"column":31}},"5":{"start":{"line":6,"column":0},"end":{"line":6,"column":33}},"6":{"start":{"line":7,"column":0},"end":{"line":7,"column":19}},"7":{"start":{"line":8,"column":0},"end":{"line":8,"column":19}},"8":{"start":{"line":9,"column":0},"end":{"line":9,"column":22}},"9":{"start":{"line":10,"column":0},"end":{"line":10,"column":18}},"10":{"start":{"line":11,"column":0},"end":{"line":11,"column":22}},"11":{"start":{"line":12,"column":0},"end":{"line":12,"column":3}},"12":{"start":{"line":13,"column":0},"end":{"line":13,"column":20}},"13":{"start":{"line":14,"column":0},"end":{"line":14,"column":1}},"14":{"start":{"line":15,"column":0},"end":{"line":15,"column":0}},"15":{"start":{"line":16,"column":0},"end":{"line":16,"column":90}},"16":{"start":{"line":17,"column":0},"end":{"line":17,"column":66}},"17":{"start":{"line":18,"column":0},"end":{"line":18,"column":72}},"18":{"start":{"line":19,"column":0},"end":{"line":19,"column":65}},"19":{"start":{"line":20,"column":0},"end":{"line":20,"column":0}},"20":{"start":{"line":21,"column":0},"end":{"line":21,"column":66}},"21":{"start":{"line":22,"column":0},"end":{"line":22,"column":47}},"22":{"start":{"line":23,"column":0},"end":{"line":23,"column":47}},"23":{"start":{"line":24,"column":0},"end":{"line":24,"column":20}},"24":{"start":{"line":25,"column":0},"end":{"line":25,"column":3}},"25":{"start":{"line":26,"column":0},"end":{"line":26,"column":0}},"26":{"start":{"line":27,"column":0},"end":{"line":27,"column":80}},"27":{"start":{"line":28,"column":0},"end":{"line":28,"column":77}},"28":{"start":{"line":29,"column":0},"end":{"line":29,"column":83}},"29":{"start":{"line":30,"column":0},"end":{"line":30,"column":0}},"30":{"start":{"line":31,"column":0},"end":{"line":31,"column":10}},"31":{"start":{"line":32,"column":0},"end":{"line":32,"column":37}},"32":{"start":{"line":33,"column":0},"end":{"line":33,"column":37}},"33":{"start":{"line":34,"column":0},"end":{"line":34,"column":34}},"34":{"start":{"line":35,"column":0},"end":{"line":35,"column":66}},"35":{"start":{"line":36,"column":0},"end":{"line":36,"column":12}},"36":{"start":{"line":37,"column":0},"end":{"line":37,"column":0}},"37":{"start":{"line":38,"column":0},"end":{"line":38,"column":35}},"38":{"start":{"line":39,"column":0},"end":{"line":39,"column":36}},"39":{"start":{"line":40,"column":0},"end":{"line":40,"column":40}},"40":{"start":{"line":41,"column":0},"end":{"line":41,"column":56}},"41":{"start":{"line":42,"column":0},"end":{"line":42,"column":79}},"42":{"start":{"line":43,"column":0},"end":{"line":43,"column":53}},"43":{"start":{"line":44,"column":0},"end":{"line":44,"column":19}},"44":{"start":{"line":45,"column":0},"end":{"line":45,"column":16}},"45":{"start":{"line":46,"column":0},"end":{"line":46,"column":37}},"46":{"start":{"line":47,"column":0},"end":{"line":47,"column":16}},"47":{"start":{"line":48,"column":0},"end":{"line":48,"column":36}},"48":{"start":{"line":49,"column":0},"end":{"line":49,"column":22}},"49":{"start":{"line":50,"column":0},"end":{"line":50,"column":81}},"50":{"start":{"line":51,"column":0},"end":{"line":51,"column":51}},"51":{"start":{"line":52,"column":0},"end":{"line":52,"column":16}},"52":{"start":{"line":53,"column":0},"end":{"line":53,"column":19}},"53":{"start":{"line":54,"column":0},"end":{"line":54,"column":16}},"54":{"start":{"line":55,"column":0},"end":{"line":55,"column":40}},"55":{"start":{"line":56,"column":0},"end":{"line":56,"column":28}},"56":{"start":{"line":57,"column":0},"end":{"line":57,"column":30}},"57":{"start":{"line":58,"column":0},"end":{"line":58,"column":16}},"58":{"start":{"line":59,"column":0},"end":{"line":59,"column":14}},"59":{"start":{"line":60,"column":0},"end":{"line":60,"column":0}},"60":{"start":{"line":61,"column":0},"end":{"line":61,"column":36}},"61":{"start":{"line":62,"column":0},"end":{"line":62,"column":40}},"62":{"start":{"line":63,"column":0},"end":{"line":63,"column":59}},"63":{"start":{"line":64,"column":0},"end":{"line":64,"column":71}},"64":{"start":{"line":65,"column":0},"end":{"line":65,"column":59}},"65":{"start":{"line":66,"column":0},"end":{"line":66,"column":19}},"66":{"start":{"line":67,"column":0},"end":{"line":67,"column":16}},"67":{"start":{"line":68,"column":0},"end":{"line":68,"column":37}},"68":{"start":{"line":69,"column":0},"end":{"line":69,"column":16}},"69":{"start":{"line":70,"column":0},"end":{"line":70,"column":36}},"70":{"start":{"line":71,"column":0},"end":{"line":71,"column":22}},"71":{"start":{"line":72,"column":0},"end":{"line":72,"column":85}},"72":{"start":{"line":73,"column":0},"end":{"line":73,"column":43}},"73":{"start":{"line":74,"column":0},"end":{"line":74,"column":16}},"74":{"start":{"line":75,"column":0},"end":{"line":75,"column":19}},"75":{"start":{"line":76,"column":0},"end":{"line":76,"column":16}},"76":{"start":{"line":77,"column":0},"end":{"line":77,"column":40}},"77":{"start":{"line":78,"column":0},"end":{"line":78,"column":26}},"78":{"start":{"line":79,"column":0},"end":{"line":79,"column":34}},"79":{"start":{"line":80,"column":0},"end":{"line":80,"column":16}},"80":{"start":{"line":81,"column":0},"end":{"line":81,"column":14}},"81":{"start":{"line":82,"column":0},"end":{"line":82,"column":0}},"82":{"start":{"line":83,"column":0},"end":{"line":83,"column":36}},"83":{"start":{"line":84,"column":0},"end":{"line":84,"column":40}},"84":{"start":{"line":85,"column":0},"end":{"line":85,"column":55}},"85":{"start":{"line":86,"column":0},"end":{"line":86,"column":78}},"86":{"start":{"line":87,"column":0},"end":{"line":87,"column":52}},"87":{"start":{"line":88,"column":0},"end":{"line":88,"column":19}},"88":{"start":{"line":89,"column":0},"end":{"line":89,"column":16}},"89":{"start":{"line":90,"column":0},"end":{"line":90,"column":37}},"90":{"start":{"line":91,"column":0},"end":{"line":91,"column":16}},"91":{"start":{"line":92,"column":0},"end":{"line":92,"column":36}},"92":{"start":{"line":93,"column":0},"end":{"line":93,"column":22}},"93":{"start":{"line":94,"column":0},"end":{"line":94,"column":79}},"94":{"start":{"line":95,"column":0},"end":{"line":95,"column":50}},"95":{"start":{"line":96,"column":0},"end":{"line":96,"column":16}},"96":{"start":{"line":97,"column":0},"end":{"line":97,"column":19}},"97":{"start":{"line":98,"column":0},"end":{"line":98,"column":16}},"98":{"start":{"line":99,"column":0},"end":{"line":99,"column":40}},"99":{"start":{"line":100,"column":0},"end":{"line":100,"column":28}},"100":{"start":{"line":101,"column":0},"end":{"line":101,"column":29}},"101":{"start":{"line":102,"column":0},"end":{"line":102,"column":16}},"102":{"start":{"line":103,"column":0},"end":{"line":103,"column":14}},"103":{"start":{"line":104,"column":0},"end":{"line":104,"column":0}},"104":{"start":{"line":105,"column":0},"end":{"line":105,"column":36}},"105":{"start":{"line":106,"column":0},"end":{"line":106,"column":40}},"106":{"start":{"line":107,"column":0},"end":{"line":107,"column":60}},"107":{"start":{"line":108,"column":0},"end":{"line":108,"column":82}},"108":{"start":{"line":109,"column":0},"end":{"line":109,"column":56}},"109":{"start":{"line":110,"column":0},"end":{"line":110,"column":19}},"110":{"start":{"line":111,"column":0},"end":{"line":111,"column":16}},"111":{"start":{"line":112,"column":0},"end":{"line":112,"column":37}},"112":{"start":{"line":113,"column":0},"end":{"line":113,"column":16}},"113":{"start":{"line":114,"column":0},"end":{"line":114,"column":36}},"114":{"start":{"line":115,"column":0},"end":{"line":115,"column":22}},"115":{"start":{"line":116,"column":0},"end":{"line":116,"column":75}},"116":{"start":{"line":117,"column":0},"end":{"line":117,"column":54}},"117":{"start":{"line":118,"column":0},"end":{"line":118,"column":16}},"118":{"start":{"line":119,"column":0},"end":{"line":119,"column":19}},"119":{"start":{"line":120,"column":0},"end":{"line":120,"column":16}},"120":{"start":{"line":121,"column":0},"end":{"line":121,"column":40}},"121":{"start":{"line":122,"column":0},"end":{"line":122,"column":27}},"122":{"start":{"line":123,"column":0},"end":{"line":123,"column":28}},"123":{"start":{"line":124,"column":0},"end":{"line":124,"column":16}},"124":{"start":{"line":125,"column":0},"end":{"line":125,"column":14}},"125":{"start":{"line":126,"column":0},"end":{"line":126,"column":12}},"126":{"start":{"line":127,"column":0},"end":{"line":127,"column":0}},"127":{"start":{"line":128,"column":0},"end":{"line":128,"column":34}},"128":{"start":{"line":129,"column":0},"end":{"line":129,"column":39}},"129":{"start":{"line":130,"column":0},"end":{"line":130,"column":36}},"130":{"start":{"line":131,"column":0},"end":{"line":131,"column":57}},"131":{"start":{"line":132,"column":0},"end":{"line":132,"column":93}},"132":{"start":{"line":133,"column":0},"end":{"line":133,"column":70}},"133":{"start":{"line":134,"column":0},"end":{"line":134,"column":20}},"134":{"start":{"line":135,"column":0},"end":{"line":135,"column":31}},"135":{"start":{"line":136,"column":0},"end":{"line":136,"column":81}},"136":{"start":{"line":137,"column":0},"end":{"line":137,"column":32}},"137":{"start":{"line":138,"column":0},"end":{"line":138,"column":16}},"138":{"start":{"line":139,"column":0},"end":{"line":139,"column":20}},"139":{"start":{"line":140,"column":0},"end":{"line":140,"column":85}},"140":{"start":{"line":141,"column":0},"end":{"line":141,"column":32}},"141":{"start":{"line":142,"column":0},"end":{"line":142,"column":16}},"142":{"start":{"line":143,"column":0},"end":{"line":143,"column":22}},"143":{"start":{"line":144,"column":0},"end":{"line":144,"column":31}},"144":{"start":{"line":145,"column":0},"end":{"line":145,"column":43}},"145":{"start":{"line":146,"column":0},"end":{"line":146,"column":46}},"146":{"start":{"line":147,"column":0},"end":{"line":147,"column":38}},"147":{"start":{"line":148,"column":0},"end":{"line":148,"column":18}},"148":{"start":{"line":149,"column":0},"end":{"line":149,"column":84}},"149":{"start":{"line":150,"column":0},"end":{"line":150,"column":60}},"150":{"start":{"line":151,"column":0},"end":{"line":151,"column":16}},"151":{"start":{"line":152,"column":0},"end":{"line":152,"column":19}},"152":{"start":{"line":153,"column":0},"end":{"line":153,"column":31}},"153":{"start":{"line":154,"column":0},"end":{"line":154,"column":33}},"154":{"start":{"line":155,"column":0},"end":{"line":155,"column":32}},"155":{"start":{"line":156,"column":0},"end":{"line":156,"column":31}},"156":{"start":{"line":157,"column":0},"end":{"line":157,"column":47}},"157":{"start":{"line":158,"column":0},"end":{"line":158,"column":36}},"158":{"start":{"line":159,"column":0},"end":{"line":159,"column":39}},"159":{"start":{"line":160,"column":0},"end":{"line":160,"column":16}},"160":{"start":{"line":161,"column":0},"end":{"line":161,"column":24}},"161":{"start":{"line":162,"column":0},"end":{"line":162,"column":32}},"162":{"start":{"line":163,"column":0},"end":{"line":163,"column":14}},"163":{"start":{"line":164,"column":0},"end":{"line":164,"column":8}},"164":{"start":{"line":165,"column":0},"end":{"line":165,"column":10}},"165":{"start":{"line":166,"column":0},"end":{"line":166,"column":3}},"166":{"start":{"line":167,"column":0},"end":{"line":167,"column":1}},"167":{"start":{"line":168,"column":0},"end":{"line":168,"column":0}},"168":{"start":{"line":169,"column":0},"end":{"line":169,"column":29}}},"s":{"0":1,"1":1,"2":1,"3":1,"4":1,"5":1,"6":1,"7":1,"8":1,"9":1,"10":1,"11":1,"12":1,"13":1,"14":1,"15":12,"16":12,"17":12,"18":12,"19":12,"20":12,"21":72,"22":2,"23":0,"24":72,"25":12,"26":12,"27":12,"28":12,"29":12,"30":12,"31":12,"32":12,"33":12,"34":12,"35":12,"36":12,"37":12,"38":12,"39":12,"40":12,"41":12,"42":12,"43":12,"44":12,"45":12,"46":12,"47":12,"48":12,"49":12,"50":12,"51":12,"52":12,"53":12,"54":12,"55":12,"56":12,"57":12,"58":12,"59":12,"60":12,"61":12,"62":12,"63":12,"64":12,"65":12,"66":12,"67":12,"68":12,"69":12,"70":12,"71":12,"72":12,"73":12,"74":12,"75":12,"76":12,"77":12,"78":12,"79":12,"80":12,"81":12,"82":12,"83":12,"84":12,"85":12,"86":12,"87":12,"88":12,"89":12,"90":12,"91":12,"92":12,"93":12,"94":12,"95":12,"96":12,"97":12,"98":12,"99":12,"100":12,"101":12,"102":12,"103":12,"104":12,"105":12,"106":12,"107":12,"108":12,"109":12,"110":12,"111":12,"112":12,"113":12,"114":12,"115":12,"116":12,"117":12,"118":12,"119":12,"120":12,"121":12,"122":12,"123":12,"124":12,"125":12,"126":12,"127":12,"128":1,"129":1,"130":1,"131":1,"132":1,"133":1,"134":1,"135":1,"136":1,"137":1,"138":1,"139":1,"140":1,"141":1,"142":1,"143":1,"144":1,"145":1,"146":1,"147":1,"148":1,"149":1,"150":1,"151":1,"152":1,"153":1,"154":1,"155":1,"156":1,"157":1,"158":1,"159":1,"160":1,"161":1,"162":1,"163":12,"164":12,"165":12,"166":12,"167":1,"168":1},"branchMap":{"0":{"type":"branch","line":16,"loc":{"start":{"line":16,"column":0},"end":{"line":167,"column":1}},"locations":[{"start":{"line":16,"column":0},"end":{"line":167,"column":1}}]},"1":{"type":"branch","line":35,"loc":{"start":{"line":35,"column":9},"end":{"line":35,"column":66}},"locations":[{"start":{"line":35,"column":9},"end":{"line":35,"column":66}}]},"2":{"type":"branch","line":128,"loc":{"start":{"line":128,"column":28},"end":{"line":163,"column":14}},"locations":[{"start":{"line":128,"column":28},"end":{"line":163,"column":14}}]},"3":{"type":"branch","line":17,"loc":{"start":{"line":17,"column":24},"end":{"line":17,"column":66}},"locations":[{"start":{"line":17,"column":24},"end":{"line":17,"column":66}}]},"4":{"type":"branch","line":18,"loc":{"start":{"line":18,"column":27},"end":{"line":18,"column":72}},"locations":[{"start":{"line":18,"column":27},"end":{"line":18,"column":72}}]},"5":{"type":"branch","line":19,"loc":{"start":{"line":19,"column":24},"end":{"line":19,"column":65}},"locations":[{"start":{"line":19,"column":24},"end":{"line":19,"column":65}}]},"6":{"type":"branch","line":21,"loc":{"start":{"line":21,"column":24},"end":{"line":25,"column":3}},"locations":[{"start":{"line":21,"column":24},"end":{"line":25,"column":3}}]},"7":{"type":"branch","line":22,"loc":{"start":{"line":22,"column":31},"end":{"line":22,"column":47}},"locations":[{"start":{"line":22,"column":31},"end":{"line":22,"column":47}}]},"8":{"type":"branch","line":22,"loc":{"start":{"line":22,"column":38},"end":{"line":23,"column":47}},"locations":[{"start":{"line":22,"column":38},"end":{"line":23,"column":47}}]},"9":{"type":"branch","line":23,"loc":{"start":{"line":23,"column":38},"end":{"line":24,"column":20}},"locations":[{"start":{"line":23,"column":38},"end":{"line":24,"column":20}}]},"10":{"type":"branch","line":27,"loc":{"start":{"line":27,"column":26},"end":{"line":27,"column":80}},"locations":[{"start":{"line":27,"column":26},"end":{"line":27,"column":80}}]},"11":{"type":"branch","line":28,"loc":{"start":{"line":28,"column":25},"end":{"line":28,"column":77}},"locations":[{"start":{"line":28,"column":25},"end":{"line":28,"column":77}}]},"12":{"type":"branch","line":29,"loc":{"start":{"line":29,"column":29},"end":{"line":29,"column":83}},"locations":[{"start":{"line":29,"column":29},"end":{"line":29,"column":83}}]}},"b":{"0":[12],"1":[1],"2":[1],"3":[24],"4":[12],"5":[12],"6":[72],"7":[70],"8":[2],"9":[0],"10":[24],"11":[24],"12":[24]},"fnMap":{"0":{"name":"RealtimeCharts","decl":{"start":{"line":16,"column":0},"end":{"line":167,"column":1}},"loc":{"start":{"line":16,"column":0},"end":{"line":167,"column":1}},"line":16},"1":{"name":"formatLatency","decl":{"start":{"line":17,"column":24},"end":{"line":17,"column":66}},"loc":{"start":{"line":17,"column":24},"end":{"line":17,"column":66}},"line":17},"2":{"name":"formatThroughput","decl":{"start":{"line":18,"column":27},"end":{"line":18,"column":72}},"loc":{"start":{"line":18,"column":27},"end":{"line":18,"column":72}},"line":18},"3":{"name":"formatPercent","decl":{"start":{"line":19,"column":24},"end":{"line":19,"column":65}},"loc":{"start":{"line":19,"column":24},"end":{"line":19,"column":65}},"line":19},"4":{"name":"getGaugeColor","decl":{"start":{"line":21,"column":24},"end":{"line":25,"column":3}},"loc":{"start":{"line":21,"column":24},"end":{"line":25,"column":3}},"line":21},"5":{"name":"getLatencyColor","decl":{"start":{"line":27,"column":26},"end":{"line":27,"column":80}},"loc":{"start":{"line":27,"column":26},"end":{"line":27,"column":80}},"line":27},"6":{"name":"getJitterColor","decl":{"start":{"line":28,"column":25},"end":{"line":28,"column":77}},"loc":{"start":{"line":28,"column":25},"end":{"line":28,"column":77}},"line":28},"7":{"name":"getPacketLossColor","decl":{"start":{"line":29,"column":29},"end":{"line":29,"column":83}},"loc":{"start":{"line":29,"column":29},"end":{"line":29,"column":83}},"line":29},"8":{"name":"formatter","decl":{"start":{"line":149,"column":27},"end":{"line":149,"column":84}},"loc":{"start":{"line":149,"column":27},"end":{"line":149,"column":84}},"line":149},"9":{"name":"labelFormatter","decl":{"start":{"line":150,"column":32},"end":{"line":150,"column":60}},"loc":{"start":{"line":150,"column":32},"end":{"line":150,"column":60}},"line":150}},"f":{"0":12,"1":24,"2":12,"3":12,"4":72,"5":24,"6":24,"7":24,"8":0,"9":0}}
,"/home/penguin/code/waddleperf/webClient/frontend/src/components/SpeedTest.tsx": {"path":"/home/penguin/code/waddleperf/webClient/frontend/src/components/SpeedTest.tsx","all":false,"statementMap":{"0":{"start":{"line":1,"column":0},"end":{"line":1,"column":51}},"1":{"start":{"line":2,"column":0},"end":{"line":2,"column":24}},"2":{"start":{"line":3,"column":0},"end":{"line":3,"column":0}},"3":{"start":{"line":4,"column":0},"end":{"line":4,"column":26}},"4":{"start":{"line":5,"column":0},"end":{"line":5,"column":23}},"5":{"start":{"line":6,"column":0},"end":{"line":6,"column":1}},"6":{"start":{"line":7,"column":0},"end":{"line":7,"column":0}},"7":{"start":{"line":8,"column":0},"end":{"line":8,"column":25}},"8":{"start":{"line":9,"column":0},"end":{"line":9,"column":14}},"9":{"start":{"line":10,"column":0},"end":{"line":10,"column":16}},"10":{"start":{"line":11,"column":0},"end":{"line":11,"column":19}},"11":{"start":{"line":12,"column":0},"end":{"line":12,"column":1}},"12":{"start":{"line":13,"column":0},"end":{"line":13,"column":0}},"13":{"start":{"line":14,"column":0},"end":{"line":14,"column":27}},"14":{"start":{"line":15,"column":0},"end":{"line":15,"column":18}},"15":{"start":{"line":16,"column":0},"end":{"line":16,"column":16}},"16":{"start":{"line":17,"column":0},"end":{"line":17,"column":24}},"17":{"start":{"line":18,"column":0},"end":{"line":18,"column":19}},"18":{"start":{"line":19,"column":0},"end":{"line":19,"column":1}},"19":{"start":{"line":20,"column":0},"end":{"line":20,"column":0}},"20":{"start":{"line":21,"column":0},"end":{"line":21,"column":55}},"21":{"start":{"line":22,"column":0},"end":{"line":22,"column":51}},"22":{"start":{"line":23,"column":0},"end":{"line":23,"column":102}},"23":{"start":{"line":24,"column":0},"end":{"line":24,"column":45}},"24":{"start":{"line":25,"column":0},"end":{"line":25,"column":53}},"25":{"start":{"line":26,"column":0},"end":{"line":26,"column":43}},"26":{"start":{"line":27,"column":0},"end":{"line":27,"column":68}},"27":{"start":{"line":28,"column":0},"end":{"line":28,"column":57}},"28":{"start":{"line":29,"column":0},"end":{"line":29,"column":49}},"29":{"start":{"line":30,"column":0},"end":{"line":30,"column":65}},"30":{"start":{"line":31,"column":0},"end":{"line":31,"column":0}},"31":{"start":{"line":32,"column":0},"end":{"line":32,"column":19}},"32":{"start":{"line":33,"column":0},"end":{"line":33,"column":21}},"33":{"start":{"line":34,"column":0},"end":{"line":34,"column":21}},"34":{"start":{"line":35,"column":0},"end":{"line":35,"column":0}},"35":{"start":{"line":36,"column":0},"end":{"line":36,"column":39}},"36":{"start":{"line":37,"column":0},"end":{"line":37,"column":9}},"37":{"start":{"line":38,"column":0},"end":{"line":38,"column":69}},"38":{"start":{"line":39,"column":0},"end":{"line":39,"column":40}},"39":{"start":{"line":40,"column":0},"end":{"line":40,"column":25}},"40":{"start":{"line":41,"column":0},"end":{"line":41,"column":51}},"41":{"start":{"line":42,"column":0},"end":{"line":42,"column":21}},"42":{"start":{"line":43,"column":0},"end":{"line":43,"column":70}},"43":{"start":{"line":44,"column":0},"end":{"line":44,"column":5}},"44":{"start":{"line":45,"column":0},"end":{"line":45,"column":3}},"45":{"start":{"line":46,"column":0},"end":{"line":46,"column":0}},"46":{"start":{"line":47,"column":0},"end":{"line":47,"column":62}},"47":{"start":{"line":48,"column":0},"end":{"line":48,"column":51}},"48":{"start":{"line":49,"column":0},"end":{"line":49,"column":30}},"49":{"start":{"line":50,"column":0},"end":{"line":50,"column":18}},"50":{"start":{"line":51,"column":0},"end":{"line":51,"column":0}},"51":{"start":{"line":52,"column":0},"end":{"line":52,"column":32}},"52":{"start":{"line":53,"column":0},"end":{"line":53,"column":25}},"53":{"start":{"line":54,"column":0},"end":{"line":54,"column":0}},"54":{"start":{"line":55,"column":0},"end":{"line":55,"column":42}},"55":{"start":{"line":56,"column":0},"end":{"line":56,"column":55}},"56":{"start":{"line":57,"column":0},"end":{"line":57,"column":41}},"57":{"start":{"line":58,"column":0},"end":{"line":58,"column":7}},"58":{"start":{"line":59,"column":0},"end":{"line":59,"column":0}},"59":{"start":{"line":60,"column":0},"end":{"line":60,"column":37}},"60":{"start":{"line":61,"column":0},"end":{"line":61,"column":11}},"61":{"start":{"line":62,"column":0},"end":{"line":62,"column":72}},"62":{"start":{"line":63,"column":0},"end":{"line":63,"column":24}},"63":{"start":{"line":64,"column":0},"end":{"line":64,"column":28}},"64":{"start":{"line":65,"column":0},"end":{"line":65,"column":53}},"65":{"start":{"line":66,"column":0},"end":{"line":66,"column":10}},"66":{"start":{"line":67,"column":0},"end":{"line":67,"column":49}},"67":{"start":{"line":68,"column":0},"end":{"line":68,"column":29}},"68":{"start":{"line":69,"column":0},"end":{"line":69,"column":27}},"69":{"start":{"line":70,"column":0},"end":{"line":70,"column":49}},"70":{"start":{"line":71,"column":0},"end":{"line":71,"column":23}},"71":{"start":{"line":72,"column":0},"end":{"line":72,"column":68}},"72":{"start":{"line":73,"column":0},"end":{"line":73,"column":21}},"73":{"start":{"line":74,"column":0},"end":{"line":74,"column":9}},"74":{"start":{"line":75,"column":0},"end":{"line":75,"column":63}},"75":{"start":{"line":76,"column":0},"end":{"line":76,"column":7}},"76":{"start":{"line":77,"column":0},"end":{"line":77,"column":0}},"77":{"start":{"line":78,"column":0},"end":{"line":78,"column":34}},"78":{"start":{"line":79,"column":0},"end":{"line":79,"column":62}},"79":{"start":{"line":80,"column":0},"end":{"line":80,"column":5}},"80":{"start":{"line":81,"column":0},"end":{"line":81,"column":0}},"81":{"start":{"line":82,"column":0},"end":{"line":82,"column":35}},"82":{"start":{"line":83,"column":0},"end":{"line":83,"column":74}},"83":{"start":{"line":84,"column":0},"end":{"line":84,"column":23}},"84":{"start":{"line":85,"column":0},"end":{"line":85,"column":94}},"85":{"start":{"line":86,"column":0},"end":{"line":86,"column":0}},"86":{"start":{"line":87,"column":0},"end":{"line":87,"column":12}},"87":{"start":{"line":88,"column":0},"end":{"line":88,"column":23}},"88":{"start":{"line":89,"column":0},"end":{"line":89,"column":26}},"89":{"start":{"line":90,"column":0},"end":{"line":90,"column":14}},"90":{"start":{"line":91,"column":0},"end":{"line":91,"column":5}},"91":{"start":{"line":92,"column":0},"end":{"line":92,"column":3}},"92":{"start":{"line":93,"column":0},"end":{"line":93,"column":0}},"93":{"start":{"line":94,"column":0},"end":{"line":94,"column":56}},"94":{"start":{"line":95,"column":0},"end":{"line":95,"column":58}},"95":{"start":{"line":96,"column":0},"end":{"line":96,"column":31}},"96":{"start":{"line":97,"column":0},"end":{"line":97,"column":18}},"97":{"start":{"line":98,"column":0},"end":{"line":98,"column":22}},"98":{"start":{"line":99,"column":0},"end":{"line":99,"column":0}},"99":{"start":{"line":100,"column":0},"end":{"line":100,"column":26}},"100":{"start":{"line":101,"column":0},"end":{"line":101,"column":44}},"101":{"start":{"line":102,"column":0},"end":{"line":102,"column":0}},"102":{"start":{"line":103,"column":0},"end":{"line":103,"column":32}},"103":{"start":{"line":104,"column":0},"end":{"line":104,"column":22}},"104":{"start":{"line":105,"column":0},"end":{"line":105,"column":37}},"105":{"start":{"line":106,"column":0},"end":{"line":106,"column":0}},"106":{"start":{"line":107,"column":0},"end":{"line":107,"column":39}},"107":{"start":{"line":108,"column":0},"end":{"line":108,"column":82}},"108":{"start":{"line":109,"column":0},"end":{"line":109,"column":25}},"109":{"start":{"line":110,"column":0},"end":{"line":110,"column":0}},"110":{"start":{"line":111,"column":0},"end":{"line":111,"column":53}},"111":{"start":{"line":112,"column":0},"end":{"line":112,"column":57}},"112":{"start":{"line":113,"column":0},"end":{"line":113,"column":43}},"113":{"start":{"line":114,"column":0},"end":{"line":114,"column":9}},"114":{"start":{"line":115,"column":0},"end":{"line":115,"column":0}},"115":{"start":{"line":116,"column":0},"end":{"line":116,"column":13}},"116":{"start":{"line":117,"column":0},"end":{"line":117,"column":39}},"117":{"start":{"line":118,"column":0},"end":{"line":118,"column":86}},"118":{"start":{"line":119,"column":0},"end":{"line":119,"column":13}},"119":{"start":{"line":120,"column":0},"end":{"line":120,"column":28}},"120":{"start":{"line":121,"column":0},"end":{"line":121,"column":32}},"121":{"start":{"line":122,"column":0},"end":{"line":122,"column":57}},"122":{"start":{"line":123,"column":0},"end":{"line":123,"column":13}},"123":{"start":{"line":124,"column":0},"end":{"line":124,"column":11}},"124":{"start":{"line":125,"column":0},"end":{"line":125,"column":0}},"125":{"start":{"line":126,"column":0},"end":{"line":126,"column":29}},"126":{"start":{"line":127,"column":0},"end":{"line":127,"column":54}},"127":{"start":{"line":128,"column":0},"end":{"line":128,"column":11}},"128":{"start":{"line":129,"column":0},"end":{"line":129,"column":0}},"129":{"start":{"line":130,"column":0},"end":{"line":130,"column":51}},"130":{"start":{"line":131,"column":0},"end":{"line":131,"column":24}},"131":{"start":{"line":132,"column":0},"end":{"line":132,"column":47}},"132":{"start":{"line":133,"column":0},"end":{"line":133,"column":11}},"133":{"start":{"line":134,"column":0},"end":{"line":134,"column":0}},"134":{"start":{"line":135,"column":0},"end":{"line":135,"column":24}},"135":{"start":{"line":136,"column":0},"end":{"line":136,"column":55}},"136":{"start":{"line":137,"column":0},"end":{"line":137,"column":27}},"137":{"start":{"line":138,"column":0},"end":{"line":138,"column":0}},"138":{"start":{"line":139,"column":0},"end":{"line":139,"column":39}},"139":{"start":{"line":140,"column":0},"end":{"line":140,"column":38}},"140":{"start":{"line":141,"column":0},"end":{"line":141,"column":0}},"141":{"start":{"line":142,"column":0},"end":{"line":142,"column":38}},"142":{"start":{"line":143,"column":0},"end":{"line":143,"column":59}},"143":{"start":{"line":144,"column":0},"end":{"line":144,"column":30}},"144":{"start":{"line":145,"column":0},"end":{"line":145,"column":72}},"145":{"start":{"line":146,"column":0},"end":{"line":146,"column":40}},"146":{"start":{"line":147,"column":0},"end":{"line":147,"column":42}},"147":{"start":{"line":148,"column":0},"end":{"line":148,"column":13}},"148":{"start":{"line":149,"column":0},"end":{"line":149,"column":11}},"149":{"start":{"line":150,"column":0},"end":{"line":150,"column":25}},"150":{"start":{"line":151,"column":0},"end":{"line":151,"column":70}},"151":{"start":{"line":152,"column":0},"end":{"line":152,"column":23}},"152":{"start":{"line":153,"column":0},"end":{"line":153,"column":11}},"153":{"start":{"line":154,"column":0},"end":{"line":154,"column":82}},"154":{"start":{"line":155,"column":0},"end":{"line":155,"column":15}},"155":{"start":{"line":1
[...]
20":1,"21":1,"22":1,"23":1,"24":1,"25":1,"26":1,"27":1,"28":1,"29":1,"30":1,"31":1,"32":1,"33":1,"34":1,"35":1,"36":1,"37":1,"38":1,"39":1,"40":33,"41":3,"42":3,"43":30,"44":33,"45":1,"46":1,"47":29,"48":29,"49":29,"50":33,"51":3,"52":3,"53":3,"54":3,"55":1,"56":1,"57":3,"58":28,"59":28,"60":28,"61":33,"62":1,"63":1,"64":1,"65":28,"66":28,"67":33,"68":5,"69":5,"70":23,"71":23,"72":33,"73":2,"74":2,"75":21,"76":21,"77":21,"78":21,"79":21,"80":20,"81":20,"82":20,"83":20,"84":20,"85":33,"86":1,"87":1,"88":21,"89":21,"90":21,"91":1,"92":1,"93":1,"94":1,"95":1,"96":8,"97":2,"98":2,"99":6,"100":8,"101":1,"102":1,"103":5,"104":8,"105":2,"106":2,"107":3,"108":3,"109":3,"110":1,"111":1,"112":1,"113":1,"114":1,"115":13,"116":13,"117":13,"118":2,"119":2,"120":11,"121":13,"122":5,"123":5,"124":6,"125":6,"126":6,"127":1,"128":1,"129":1,"130":1,"131":1,"132":22,"133":22,"134":22,"135":1,"136":1,"137":21,"138":22,"139":2,"140":2,"141":19,"142":22,"143":2,"144":2,"145":17,"146":17,"147":17,"148":1,"149":1,"150":1,"151":1,"152":1,"153":10,"154":10,"155":10,"156":1,"157":1,"158":9,"159":10,"160":2,"161":2,"162":7,"163":10,"164":1,"165":1,"166":6,"167":6,"168":6,"169":1,"170":1,"171":1,"172":1,"173":1,"174":13,"175":5,"176":5,"177":8,"178":10,"179":1,"180":1,"181":7,"182":7,"183":7,"184":1,"185":1,"186":1,"187":1,"188":1,"189":8,"190":1,"191":1,"192":7,"193":8,"194":1,"195":1,"196":6,"197":6,"198":6,"199":1,"200":1,"201":1,"202":1,"203":1,"204":7,"205":1,"206":1,"207":6,"208":7,"209":1,"210":1,"211":5,"212":5,"213":5,"214":1,"215":1,"216":1,"217":1,"218":1,"219":4,"220":1,"221":1,"222":3,"223":4,"224":1,"225":1,"226":2,"227":2,"228":2,"229":1,"230":1,"231":1,"232":1,"233":1,"234":18,"235":18,"236":18,"237":18,"238":18,"239":1,"240":1,"241":18,"242":18,"243":18,"244":18,"245":18,"246":18},"branchMap":{"0":{"type":"branch","line":40,"loc":{"start":{"line":40,"column":7},"end":{"line":91,"column":1}},"locations":[{"start":{"line":40,"column":7},"end":{"line":91,"column":1}}]},"1":{"type":"branch","line":41,"loc":{"start":{"line":41,"column":7},"end":{"line":41,"column":39}},"locations":[{"start":{"line":41,"column":7},"end":{"line":41,"column":39}}]},"2":{"type":"branch","line":41,"loc":{"start":{"line":41,"column":39},"end":{"line":43,"column":3}},"locations":[{"start":{"line":41,"column":39},"end":{"line":43,"column":3}}]},"3":{"type":"branch","line":43,"loc":{"start":{"line":43,"column":2},"end":{"line":45,"column":41}},"locations":[{"start":{"line":43,"column":2},"end":{"line":45,"column":41}}]},"4":{"type":"branch","line":45,"loc":{"start":{"line":45,"column":41},"end":{"line":47,"column":3}},"locations":[{"start":{"line":45,"column":41},"end":{"line":47,"column":3}}]},"5":{"type":"branch","line":47,"loc":{"start":{"line":47,"column":2},"end":{"line":51,"column":30}},"locations":[{"start":{"line":47,"column":2},"end":{"line":51,"column":30}}]},"6":{"type":"branch","line":51,"loc":{"start":{"line":51,"column":30},"end":{"line":58,"column":3}},"locations":[{"start":{"line":51,"column":30},"end":{"line":58,"column":3}}]},"7":{"type":"branch","line":55,"loc":{"start":{"line":55,"column":4},"end":{"line":57,"column":5}},"locations":[{"start":{"line":55,"column":4},"end":{"line":57,"column":5}}]},"8":{"type":"branch","line":58,"loc":{"start":{"line":58,"column":2},"end":{"line":62,"column":33}},"locations":[{"start":{"line":58,"column":2},"end":{"line":62,"column":33}}]},"9":{"type":"branch","line":62,"loc":{"start":{"line":62,"column":33},"end":{"line":65,"column":3}},"locations":[{"start":{"line":62,"column":33},"end":{"line":65,"column":3}}]},"10":{"type":"branch","line":65,"loc":{"start":{"line":65,"column":2},"end":{"line":68,"column":27}},"locations":[{"start":{"line":65,"column":2},"end":{"line":68,"column":27}}]},"11":{"type":"branch","line":68,"loc":{"start":{"line":68,"column":27},"end":{"line":70,"column":3}},"locations":[{"start":{"line":68,"column":27},"end":{"line":70,"column":3}}]},"12":{"type":"branch","line":70,"loc":{"start":{"line":70,"column":2},"end":{"line":73,"column":34}},"locations":[{"start":{"line":70,"column":2},"end":{"line":73,"column":34}}]},"13":{"type":"branch","line":73,"loc":{"start":{"line":73,"column":34},"end":{"line":75,"column":3}},"locations":[{"start":{"line":73,"column":34},"end":{"line":75,"column":3}}]},"14":{"type":"branch","line":75,"loc":{"start":{"line":75,"column":2},"end":{"line":81,"column":30}},"locations":[{"start":{"line":75,"column":2},"end":{"line":81,"column":30}}]},"15":{"type":"branch","line":75,"loc":{"start":{"line":75,"column":2},"end":{"line":80,"column":32}},"locations":[{"start":{"line":75,"column":2},"end":{"line":80,"column":32}}]},"16":{"type":"branch","line":80,"loc":{"start":{"line":80,"column":18},"end":{"line":81,"column":30}},"locations":[{"start":{"line":80,"column":18},"end":{"line":81,"column":30}}]},"17":{"type":"branch","line":81,"loc":{"start":{"line":81,"column":18},"end":{"line":82,"column":30}},"locations":[{"start":{"line":81,"column":18},"end":{"line":82,"column":30}}]},"18":{"type":"branch","line":82,"loc":{"start":{"line":82,"column":26},"end":{"line":83,"column":34}},"locations":[{"start":{"line":82,"column":26},"end":{"line":83,"column":34}}]},"19":{"type":"branch","line":83,"loc":{"start":{"line":83,"column":30},"end":{"line":84,"column":29}},"locations":[{"start":{"line":83,"column":30},"end":{"line":84,"column":29}}]},"20":{"type":"branch","line":84,"loc":{"start":{"line":84,"column":25},"end":{"line":85,"column":31}},"locations":[{"start":{"line":84,"column":25},"end":{"line":85,"column":31}}]},"21":{"type":"branch","line":86,"loc":{"start":{"line":86,"column":4},"end":{"line":88,"column":3}},"locations":[{"start":{"line":86,"column":4},"end":{"line":88,"column":3}}]},"22":{"type":"branch","line":88,"loc":{"start":{"line":88,"column":2},"end":{"line":91,"column":1}},"locations":[{"start":{"line":88,"column":2},"end":{"line":91,"column":1}}]},"23":{"type":"branch","line":96,"loc":{"start":{"line":96,"column":7},"end":{"line":110,"column":1}},"locations":[{"start":{"line":96,"column":7},"end":{"line":110,"column":1}}]},"24":{"type":"branch","line":97,"loc":{"start":{"line":97,"column":7},"end":{"line":97,"column":37}},"locations":[{"start":{"line":97,"column":7},"end":{"line":97,"column":37}}]},"25":{"type":"branch","line":97,"loc":{"start":{"line":97,"column":37},"end":{"line":99,"column":3}},"locations":[{"start":{"line":97,"column":37},"end":{"line":99,"column":3}}]},"26":{"type":"branch","line":99,"loc":{"start":{"line":99,"column":2},"end":{"line":101,"column":39}},"locations":[{"start":{"line":99,"column":2},"end":{"line":101,"column":39}}]},"27":{"type":"branch","line":101,"loc":{"start":{"line":101,"column":39},"end":{"line":103,"column":3}},"locations":[{"start":{"line":101,"column":39},"end":{"line":103,"column":3}}]},"28":{"type":"branch","line":103,"loc":{"start":{"line":103,"column":2},"end":{"line":105,"column":33}},"locations":[{"start":{"line":103,"column":2},"end":{"line":105,"column":33}}]},"29":{"type":"branch","line":105,"loc":{"start":{"line":105,"column":33},"end":{"line":107,"column":3}},"locations":[{"start":{"line":105,"column":33},"end":{"line":107,"column":3}}]},"30":{"type":"branch","line":107,"loc":{"start":{"line":107,"column":2},"end":{"line":110,"column":1}},"locations":[{"start":{"line":107,"column":2},"end":{"line":110,"column":1}}]},"31":{"type":"branch","line":115,"loc":{"start":{"line":115,"column":7},"end":{"line":127,"column":1}},"locations":[{"start":{"line":115,"column":7},"end":{"line":127,"column":1}}]},"32":{"type":"branch","line":116,"loc":{"start":{"line":116,"column":34},"end":{"line":116,"column":66}},"locations":[{"start":{"line":116,"column":34},"end":{"line":116,"column":66}}]},"33":{"type":"branch","line":116,"loc":{"start":{"line":116,"column":62},"end":{"line":116,"column":70}},"locations":[{"start":{"line":116,"column":62},"end":{"line":116,"column":70}}]},"34":{"type":"branch","line":118,"loc":{"start":{"line":118,"column":22},"end":{"line":120,"column":3}},"locations":[{"start":{"line":118,"column":22},"end":{"line":120,"column":3}}]},"35":{"type":"branch","line":120,"loc":{"start":{"line":120,"column":2},"end":{"line":122,"column":28}},"locations":[{"start":{"line":120,"column":2},"end":{"line":122,"column":28}}]},"36":{"type":"branch","line":122,"loc":{"start":{"line":122,"column":16},"end":{"line":122,"column":48}},"locations":[{"start":{"line":122,"column":16},"end":{"line":122,"column":48}}]},"37":{"type":"branch","line":122,"loc":{"start":{"line":122,"column":48},"end":{"line":127,"column":1}},"locations":[{"start":{"line":122,"column":48},"end":{"line":127,"column":1}}]},"38":{"type":"branch","line":122,"loc":{"start":{"line":122,"column":48},"end":{"line":124,"column":3}},"locations":[{"start":{"line":122,"column":48},"end":{"line":124,"column":3}}]},"39":{"type":"branch","line":124,"loc":{"start":{"line":124,"column":2},"end":{"line":127,"column":1}},"locations":[{"start":{"line":124,"column":2},"end":{"line":127,"column":1}}]},"40":{"type":"branch","line":132,"loc":{"start":{"line":132,"column":7},"end":{"line":148,"column":1}},"locations":[{"start":{"line":132,"column":7},"end":{"line":148,"column":1}}]},"41":{"type":"branch","line":133,"loc":{"start":{"line":133,"column":40},"end":{"line":133,"column":75}},"locations":[{"start":{"line":133,"column":40},"end":{"line":133,"column":75}}]},"42":{"type":"branch","line":133,"loc":{"start":{"line":133,"column":71},"end":{"line":133,"column":82}},"locations":[{"start":{"line":133,"column":71},"end":{"line":133,"column":82}}]},"43":{"type":"branch","line":135,"loc":{"start":{"line":135,"column":25},"end":{"line":137,"column":3}},"locations":[{"start":{"line":135,"column":25},"end":{"line":137,"column":3}}]},"44":{"type":"branch","line":137,"loc":{"start":{"line":137,"column":2},"end":{"line":139,"column":22}},"locations":[{"start":{"line":137,"column":2},"end":{"line":139,"column":22}}]},"45":{"type":"branch","line":139,"loc":{"start":{"line":139,"column":22},"end":{"line":141,"column":3}},"locations":[{"start":{"line":139,"column":22},"end":{"line":141,"column":3}}]},"46":{"type":"branch","line":141,"loc":{"start":{"line":141,"column":2},"end":{"line":143,"column":40}},"locations":[{"start":{"line":141,"column":2},"end":{"line":143,"column":40}}]},"47":{"type":"branch","line":143,"loc":{"start":{"line":143,"column":40},"end":{"line":145,"column":3}},"locations":[{"start":{"line":143,"column":40},"end":{"line":145,"column":3}}]},"48":{"type":"branch","line":145,"loc":{"start":{"line":145,"column":2},"end":{"line":148,"column":1}},"locations":[{"start":{"line":145,"column":2},"end":{"line":148,"column":1}}]},"49":{"type":"branch","line":153,"loc":{"start":{"line":153,"column":7},"end":{"line":169,"column":1}},"locations":[{"start":{"line":153,"column":7},"end":{"line":169,"column":1}}]},"50":{"type":"branch","line":154,"loc":{"start":{"line":154,"column":36},"end":{"line":154,"column":69}},"locations":[{"start":{"line":154,"column":36},"end":{"line":154,"column":69}}]},"51":{"type":"branch","line":154,"loc":{"start":{"line":154,"column":65},"end":{"line":154,"column":74}},"locations":[{"start":{"line":154,"column":65},"end":{"line":154,"column":74}}]},"52":{"type":"branch","line":156,"loc":{"start":{"line":156,"column":23},"end":{"line":158,"column":3}},"locations":[{"start":{"line":156,"column":23},"end":{"line":158,"column":3}}]},"53":{"type":"branch","line":158,"loc":{"start":{"line":158,"column":2},"end":{"line":160,"column":20}},"locations":[{"start":{"line":158,"column":2},"end":{"line":160,"column":20}}]},"54":{"type":"branch","line":160,"loc":{"start":{"line":160,"column":20},"end":{"line":162,"column":3}},"locations":[{"start":{"line":160,"column":20},"end":{"line":162,"column":3}}]},"55":{"type":"branch","line":162,"loc":{"start":{"line":162,"column":2},"end":{"line":164,"column":28}},"locations":[{"start":{"line":162,"column":2},"end":{"line":164,"column":28}}]},"56":{"type":"branch","line":164,"loc":{"start":{"line":164,"column":28},"end":{"line":166,"column":3}},"locations":[{"start":{"line":164,"column":28},"end":{"line":166,"column":3}}]},"57":{"type":"branch","line":166,"loc":{"start":{"line":166,"column":2},"end":{"line":169,"column":1}},"locations":[{"start":{"line":166,"column":2},"end":{"line":169,"column":1}}]},"58":{"type":"branch","line":174,"loc":{"start":{"line":174,"column":7},"end":{"line":184,"column":1}},"locations":[{"start":{"line":174,"column":7},"end":{"line":184,"column":1}}]},"59":{"type":"branch","line":175,"loc":{"start":{"line":175,"column":7},"end":{"line":175,"column":43}},"locations":[{"start":{"line":175,"column":7},"end":{"line":175,"column":43}}]},"60":{"type":"branch","line":175,"loc":{"start":{"line":175,"column":43},"end":{"line":177,"column":3}},"locations":[{"start":{"line":175,"column":43},"end":{"line":177,"column":3}}]},"61":{"type":"branch","line":177,"loc":{"start":{"line":177,"column":2},"end":{"line":184,"column":1}},"locations":[{"start":{"line":177,"column":2},"end":{"line":184,"column":1}}]},"62":{"type":"branch","line":177,"loc":{"start":{"line":177,"column":2},"end":{"line":179,"column":43}},"locations":[{"start":{"line":177,"column":2},"end":{"line":179,"column":43}}]},"63":{"type":"branch","line":179,"loc":{"start":{"line":179,"column":43},"end":{"line":181,"column":3}},"locations":[{"start":{"line":179,"column":43},"end":{"line":181,"column":3}}]},"64":{"type":"branch","line":181,"loc":{"start":{"line":181,"column":2},"end":{"line":184,"column":1}},"locations":[{"start":{"line":181,"column":2},"end":{"line":184,"column":1}}]},"65":{"type":"branch","line":189,"loc":{"start":{"line":189,"column":7},"end":{"line":199,"column":1}},"locations":[{"start":{"line":189,"column":7},"end":{"line":199,"column":1}}]},"66":{"type":"branch","line":190,"loc":{"start":{"line":190,"column":7},"end":{"line":190,"column":43}},"locations":[{"start":{"line":190,"column":7},"end":{"line":190,"column":43}}]},"67":{"type":"branch","line":190,"loc":{"start":{"line":190,"column":43},"end":{"line":192,"column":3}},"locations":[{"start":{"line":190,"column":43},"end":{"line":192,"column":3}}]},"68":{"type":"branch","line":192,"loc":{"start":{"line":192,"column":2},"end":{"line":194,"column":42}},"locations":[{"start":{"line":192,"column":2},"end":{"line":194,"column":42}}]},"69":{"type":"branch","line":194,"loc":{"start":{"line":194,"column":42},"end":{"line":196,"column":3}},"locations":[{"start":{"line":194,"column":42},"end":{"line":196,"column":3}}]},"70":{"type":"branch","line":196,"loc":{"start":{"line":196,"column":2},"end":{"line":199,"column":1}},"locations":[{"start":{"line":196,"column":2},"end":{"line":199,"column":1}}]},"71":{"type":"branch","line":204,"loc":{"start":{"line":204,"column":7},"end":{"line":214,"column":1}},"locations":[{"start":{"line":204,"column":7},"end":{"line":214,"column":1}}]},"72":{"type":"branch","line":205,"loc":{"start":{"line":205,"column":7},"end":{"line":205,"column":43}},"locations":[{"start":{"line":205,"column":7},"end":{"line":205,"column":43}}]},"73":{"type":"branch","line":205,"loc":{"start":{"line":205,"column":43},"end":{"line":207,"column":3}},"locations":[{"start":{"line":205,"column":43},"end":{"line":207,"column":3}}]},"74":{"type":"branch","line":207,"loc":{"start":{"line":207,"column":2},"end":{"line":209,"column":42}},"locations":[{"start":{"line":207,"column":2},"end":{"line":209,"column":42}}]},"75":{"type":"branch","line":209,"loc":{"start":{"line":209,"column":42},"end":{"line":211,"column":3}},"locations":[{"start":{"line":209,"column":42},"end":{"line":211,"column":3}}]},"76":{"type":"branch","line":211,"loc":{"start":{"line":211,"column":2},"end":{"line":214,"column":1}},"locations":[{"start":{"line":211,"column":2},"end":{"line":214,"column":1}}]},"77":{"type":"branch","line":219,"loc":{"start":{"line":219,"column":7},"end":{"line":229,"column":1}},"locations":[{"start":{"line":219,"column":7},"end":{"line":229,"column":1}}]},"78":{"type":"branch","line":220,"loc":{"start":{"line":220,"column":7},"end":{"line":220,"column":43}},"locations":[{"start":{"line":220,"column":7},"end":{"line":220,"column":43}}]},"79":{"type":"branch","line":220,"loc":{"start":{"line":220,"column":43},"end":{"line":222,"column":3}},"locations":[{"start":{"line":220,"column":43},"end":{"line":222,"column":3}}]},"80":{"type":"branch","line":222,"loc":{"start":{"line":222,"column":2},"end":{"line":224,"column":43}},"locations":[{"start":{"line":222,"column":2},"end":{"line":224,"column":43}}]},"81":{"type":"branch","line":224,"loc":{"start":{"line":224,"column":43},"end":{"line":226,"column":3}},"locations":[{"start":{"line":224,"column":43},"end":{"line":226,"column":3}}]},"82":{"type":"branch","line":226,"loc":{"start":{"line":226,"column":2},"end":{"line":229,"column":1}},"locations":[{"start":{"line":226,"column":2},"end":{"line":229,"column":1}}]},"83":{"type":"branch","line":234,"loc":{"start":{"line":234,"column":7},"end":{"line":247,"column":1}},"locations":[{"start":{"line":234,"column":7},"end":{"line":247,"column":1}}]},"84":{"type":"branch","line":239,"loc":{"start":{"line":239,"column":28},"end":{"line":241,"column":3}},"locations":[{"start":{"line":239,"column":28},"end":{"line":241,"column":3}}]}},"b":{"0":[33],"1":[31],"2":[3],"3":[30],"4":[1],"5":[29],"6":[3],"7":[1],"8":[28],"9":[1],"10":[28],"11":[5],"12":[23],"13":[2],"14":[30],"15":[21],"16":[20],"17":[20],"18":[20],"19":[20],"20":[20],"21":[1],"22":[21],"23":[8],"24":[7],"25":[2],"26":[6],"27":[1],"28":[5],"29":[2],"30":[3],"31":[13],"32":[4],"33":[9],"34":[2],"35":[11],"36":[9],"37":[12],"38":[5],"39":[6],"40":[22],"41":[16],"42":[6],"43":[1],"44":[21],"45":[2],"46":[19],"47":[2],"48":[17],"49":[10],"50":[4],"51":[6],"52":[1],"53":[9],"54":[2],"55":[7],"56":[1],"57":[6],"58":[13],"59":[9],"60":[5],"61":[10],"62":[8],"63":[1],"64":[7],"65":[8],"66":[7],"67":[1],"68":[7],"69":[1],"70":[6],"71":[7],"72":[6],"73":[1],"74":[6],"75":[1],"76":[5],"77":[4],"78":[3],"79":[1],"80":[3],"81":[1],"82":[2],"83":[18],"84":[1]},"fnMap":{"0":{"name":"validateTarget","decl":{"start":{"line":40,"column":7},"end":{"line":91,"column":1}},"loc":{"start":{"line":40,"column":7},"end":{"line":91,"column":1}},"line":40},"1":{"name":"validateDNSQuery","decl":{"start":{"line":96,"column":7},"end":{"line":110,"column":1}},"loc":{"start":{"line":96,"column":7},"end":{"line":110,"column":1}},"line":96},"2":{"name":"validatePort","decl":{"start":{"line":115,"column":7},"end":{"line":127,"column":1}},"loc":{"start":{"line":115,"column":7},"end":{"line":127,"column":1}},"line":115},"3":{"name":"validateTimeout","decl":{"start":{"line":132,"column":7},"end":{"line":148,"column":1}},"loc":{"start":{"line":132,"column":7},"end":{"line":148,"column":1}},"line":132},"4":{"name":"validateCount","decl":{"start":{"line":153,"column":7},"end":{"line":169,"column":1}},"loc":{"start":{"line":153,"column":7},"end":{"line":169,"column":1}},"line":153},"5":{"name":"validateHTTPProtocol","decl":{"start":{"line":174,"column":7},"end":{"line":184,"column":1}},"loc":{"start":{"line":174,"column":7},"end":{"line":184,"column":1}},"line":174},"6":{"name":"validateTCPProtocol","decl":{"start":{"line":189,"column":7},"end":{"line":199,"column":1}},"loc":{"start":{"line":189,"column":7},"end":{"line":199,"column":1}},"line":189},"7":{"name":"validateUDPProtocol","decl":{"start":{"line":204,"column":7},"end":{"line":214,"column":1}},"loc":{"start":{"line":204,"column":7},"end":{"line":214,"column":1}},"line":204},"8":{"name":"validateICMPProtocol","decl":{"start":{"line":219,"column":7},"end":{"line":229,"column":1}},"loc":{"start":{"line":219,"column":7},"end":{"line":229,"column":1}},"line":219},"9":{"name":"sanitizeString","decl":{"start":{"line":234,"column":7},"end":{"line":247,"column":1}},"loc":{"start":{"line":234,"column":7},"end":{"line":247,"column":1}},"line":234}},"f":{"0":33,"1":8,"2":13,"3":22,"4":10,"5":13,"6":8,"7":7,"8":4,"9":18}}
}
